Using pre-set license
Built from '2021.3/staging' branch; Version is '2021.3.26f1 (a16dc32e0ff2) revision 10579395'; Using compiler version '192829333'; Build Type 'Release'
OS: 'Windows 10  (10.0.19045) 64bit Enterprise' Language: 'en' Physical Memory: 65224 MB
BatchMode: 1, IsHumanControllingUs: 0, StartBugReporterOnCrash: 0, Is64bit: 1, IsPro: 1

COMMAND LINE ARGUMENTS:
C:\Program Files\Unity\Hub\Editor\2021.3.26f1\Editor\Unity.exe
-adb2
-batchMode
-noUpm
-name
AssetImportWorker1
-projectPath
C:/Users/alexander.roache/Documents/GitHub/2DPlatformerSprites
-logFile
Logs/AssetImportWorker1.log
-srvPort
51989
Successfully changed project path to: C:/Users/alexander.roache/Documents/GitHub/2DPlatformerSprites
C:/Users/alexander.roache/Documents/GitHub/2DPlatformerSprites
[UnityMemory] Configuration Parameters - Can be set up in boot.config
    "memorysetup-bucket-allocator-granularity=16"
    "memorysetup-bucket-allocator-bucket-count=8"
    "memorysetup-bucket-allocator-block-size=33554432"
    "memorysetup-bucket-allocator-block-count=8"
    "memorysetup-main-allocator-block-size=16777216"
    "memorysetup-thread-allocator-block-size=16777216"
    "memorysetup-gfx-main-allocator-block-size=16777216"
    "memorysetup-gfx-thread-allocator-block-size=16777216"
    "memorysetup-cache-allocator-block-size=4194304"
    "memorysetup-typetree-allocator-block-size=2097152"
    "memorysetup-profiler-bucket-allocator-granularity=16"
    "memorysetup-profiler-bucket-allocator-bucket-count=8"
    "memorysetup-profiler-bucket-allocator-block-size=33554432"
    "memorysetup-profiler-bucket-allocator-block-count=8"
    "memorysetup-profiler-allocator-block-size=16777216"
    "memorysetup-profiler-editor-allocator-block-size=1048576"
    "memorysetup-temp-allocator-size-main=16777216"
    "memorysetup-job-temp-allocator-block-size=2097152"
    "memorysetup-job-temp-allocator-block-size-background=1048576"
    "memorysetup-job-temp-allocator-reduction-small-platforms=262144"
    "memorysetup-temp-allocator-size-background-worker=32768"
    "memorysetup-temp-allocator-size-job-worker=262144"
    "memorysetup-temp-allocator-size-preload-manager=33554432"
    "memorysetup-temp-allocator-size-nav-mesh-worker=65536"
    "memorysetup-temp-allocator-size-audio-worker=65536"
    "memorysetup-temp-allocator-size-cloud-worker=32768"
    "memorysetup-temp-allocator-size-gi-baking-worker=262144"
    "memorysetup-temp-allocator-size-gfx=262144"
Player connection [14968] Host "[IP] 172.27.14.187 [Port] 0 [Flags] 2 [Guid] 677850491 [EditorId] 677850491 [Version] 1048832 [Id] WindowsEditor(7,NS00J002011DE20) [Debug] 1 [PackageName] WindowsEditor [ProjectName] Editor" joined multi-casting on [225.0.0.222:54997]...

Player connection [14968] Host "[IP] 172.27.14.187 [Port] 0 [Flags] 2 [Guid] 677850491 [EditorId] 677850491 [Version] 1048832 [Id] WindowsEditor(7,NS00J002011DE20) [Debug] 1 [PackageName] WindowsEditor [ProjectName] Editor" joined alternative multi-casting on [225.0.0.222:34997]...

Refreshing native plugins compatible for Editor in 223.72 ms, found 4 plugins.
Preloading 0 native plugins for Editor in 0.00 ms.
Initialize engine version: 2021.3.26f1 (a16dc32e0ff2)
[Subsystems] Discovering subsystems at path C:/Program Files/Unity/Hub/Editor/2021.3.26f1/Editor/Data/Resources/UnitySubsystems
[Subsystems] Discovering subsystems at path C:/Users/alexander.roache/Documents/GitHub/2DPlatformerSprites/Assets
GfxDevice: creating device client; threaded=0; jobified=0
Direct3D:
    Version:  Direct3D 11.0 [level 11.1]
    Renderer: NVIDIA GeForce RTX 3090 (ID=0x2204)
    Vendor:   NVIDIA
    VRAM:     24340 MB
    Driver:   31.0.15.3161
Initialize mono
Mono path[0] = 'C:/Program Files/Unity/Hub/Editor/2021.3.26f1/Editor/Data/Managed'
Mono path[1] = 'C:/Program Files/Unity/Hub/Editor/2021.3.26f1/Editor/Data/MonoBleedingEdge/lib/mono/unityjit-win32'
Mono config path = 'C:/Program Files/Unity/Hub/Editor/2021.3.26f1/Editor/Data/MonoBleedingEdge/etc'
Using monoOptions --debugger-agent=transport=dt_socket,embedding=1,server=y,suspend=n,address=127.0.0.1:56108
Begin MonoManager ReloadAssembly
Registering precompiled unity dll's ...
Register platform support module: C:/Program Files/Unity/Hub/Editor/2021.3.26f1/Editor/Data/PlaybackEngines/AndroidPlayer/UnityEditor.Android.Extensions.dll
Register platform support module: C:/Program Files/Unity/Hub/Editor/2021.3.26f1/Editor/Data/PlaybackEngines/WindowsStandaloneSupport/UnityEditor.WindowsStandalone.Extensions.dll
Registered in 0.158257 seconds.
Native extension for WindowsStandalone target not found
Native extension for Android target not found
Android Extension - Scanning For ADB Devices 416 ms
Refreshing native plugins compatible for Editor in 84.41 ms, found 4 plugins.
Preloading 0 native plugins for Editor in 0.00 ms.
Mono: successfully reloaded assembly
- Completed reload, in  4.552 seconds
Domain Reload Profiling:
	ReloadAssembly (4552ms)
		BeginReloadAssembly (2663ms)
			ExecutionOrderSort (0ms)
			DisableScriptedObjects (0ms)
			BackupInstance (0ms)
			ReleaseScriptingObjects (0ms)
			CreateAndSetChildDomain (1ms)
		EndReloadAssembly (1467ms)
			LoadAssemblies (2660ms)
			RebuildTransferFunctionScriptingTraits (0ms)
			SetupTypeCache (601ms)
			ReleaseScriptCaches (0ms)
			RebuildScriptCaches (30ms)
			SetupLoadedEditorAssemblies (781ms)
				LogAssemblyErrors (0ms)
				InitializePlatformSupportModulesInManaged (542ms)
				SetLoadedEditorAssemblies (0ms)
				RefreshPlugins (85ms)
				BeforeProcessingInitializeOnLoad (1ms)
				ProcessInitializeOnLoadAttributes (98ms)
				ProcessInitializeOnLoadMethodAttributes (55ms)
				AfterProcessingInitializeOnLoad (0ms)
				EditorAssembliesLoaded (0ms)
			ExecutionOrderSort2 (0ms)
			AwakeInstancesAfterBackupRestoration (0ms)
Platform modules already initialized, skipping
Registering precompiled user dll's ...
Registered in 0.761743 seconds.
Begin MonoManager ReloadAssembly
Symbol file LoadedFromMemory doesn't match image C:\Users\alexander.roache\Documents\GitHub\2DPlatformerSprites\Library\PackageCache\com.unity.visualscripting@1.8.0\Editor\VisualScripting.Core\Dependencies\YamlDotNet\Unity.VisualScripting.YamlDotNet.dll
Symbol file LoadedFromMemory doesn't match image C:\Users\alexander.roache\Documents\GitHub\2DPlatformerSprites\Library\PackageCache\com.unity.visualscripting@1.8.0\Editor\VisualScripting.Core\Dependencies\DotNetZip\Unity.VisualScripting.IonicZip.dll
Native extension for WindowsStandalone target not found
Native extension for Android target not found
Refreshing native plugins compatible for Editor in 83.87 ms, found 4 plugins.
Preloading 0 native plugins for Editor in 0.00 ms.
Mono: successfully reloaded assembly
- Completed reload, in  4.502 seconds
Domain Reload Profiling:
	ReloadAssembly (4503ms)
		BeginReloadAssembly (120ms)
			ExecutionOrderSort (0ms)
			DisableScriptedObjects (7ms)
			BackupInstance (0ms)
			ReleaseScriptingObjects (0ms)
			CreateAndSetChildDomain (17ms)
		EndReloadAssembly (4220ms)
			LoadAssemblies (3037ms)
			RebuildTransferFunctionScriptingTraits (0ms)
			SetupTypeCache (533ms)
			ReleaseScriptCaches (1ms)
			RebuildScriptCaches (56ms)
			SetupLoadedEditorAssemblies (529ms)
				LogAssemblyErrors (0ms)
				InitializePlatformSupportModulesInManaged (22ms)
				SetLoadedEditorAssemblies (0ms)
				RefreshPlugins (84ms)
				BeforeProcessingInitializeOnLoad (95ms)
				ProcessInitializeOnLoadAttributes (281ms)
				ProcessInitializeOnLoadMethodAttributes (39ms)
				AfterProcessingInitializeOnLoad (8ms)
				EditorAssembliesLoaded (0ms)
			ExecutionOrderSort2 (0ms)
			AwakeInstancesAfterBackupRestoration (7ms)
Platform modules already initialized, skipping
========================================================================
Worker process is ready to serve import requests
Launched and connected shader compiler UnityShaderCompiler.exe after 0.07 seconds
Refreshing native plugins compatible for Editor in 0.72 ms, found 4 plugins.
Preloading 0 native plugins for Editor in 0.00 ms.
Unloading 4124 Unused Serialized files (Serialized files now loaded: 0)
Unloading 36 unused Assets / (340.0 KB). Loaded Objects now: 4587.
Memory consumption went from 164.1 MB to 163.7 MB.
Total: 3.418400 ms (FindLiveObjects: 0.449000 ms CreateObjectMapping: 0.144900 ms MarkObjects: 2.721300 ms  DeleteObjects: 0.102400 ms)

AssetImportParameters requested are different than current active one (requested -> active):
  custom:video-decoder-ogg-theora: a1e56fd34408186e4bbccfd4996cb3dc -> 
  custom:container-muxer-webm: aa71ff27fc2769a1b78a27578f13a17b -> 
  custom:container-demuxer-webm: 4f35f7cbe854078d1ac9338744f61a02 -> 
  custom:video-encoder-webm-vp8: eb34c28f22e8b96e1ab97ce403110664 -> 
  custom:audio-encoder-webm-vorbis: bf7c407c2cedff20999df2af8eb42d56 -> 
  custom:framework-win-MediaFoundation: 216162199b28c13a410421893ffa2e32 -> 
  custom:container-demuxer-ogg: 62fdf1f143b41e24485cea50d1cbac27 -> 
  custom:video-decoder-webm-vp8: 9c59270c3fd7afecdb556c50c9e8de78 -> 
  custom:audio-decoder-ogg-vorbis: bf7c407c2cedff20999df2af8eb42d56 -> 
========================================================================
Received Import Request.
  Time since last request: 78424.005387 seconds.
  path: Assets/Visuals/Tiles/Tiles Demo.png
  artifactKey: Guid(d36e00d791e01274ebffa7b83adc245e) Importer(815301076,1909f56bfc062723c751e8b465ee728b)
Start importing Assets/Visuals/Tiles/Tiles Demo.png using Guid(d36e00d791e01274ebffa7b83adc245e) Importer(815301076,1909f56bfc062723c751e8b465ee728b)  -> (artifact id: 'aa068c0973d9bf55fb4ffd77e31d29e5') in 0.454472 seconds 
========================================================================
Received Import Request.
  Time since last request: 0.000030 seconds.
  path: Assets/Visuals/Tiles/Tiles Demo_25.asset
  artifactKey: Guid(3c8d4ada49fbec344957a969e271102a) Importer(815301076,1909f56bfc062723c751e8b465ee728b)
Start importing Assets/Visuals/Tiles/Tiles Demo_25.asset using Guid(3c8d4ada49fbec344957a969e271102a) Importer(815301076,1909f56bfc062723c751e8b465ee728b)  -> (artifact id: '8166ce6c90c59988837e8aeded2bd11c') in 0.048848 seconds 
========================================================================
Received Import Request.
  Time since last request: 0.000023 seconds.
  path: Assets/Visuals/Tiles/Tiles Demo_34.asset
  artifactKey: Guid(b5ea9a938f0215247b76c52f8ce3582e) Importer(815301076,1909f56bfc062723c751e8b465ee728b)
Start importing Assets/Visuals/Tiles/Tiles Demo_34.asset using Guid(b5ea9a938f0215247b76c52f8ce3582e) Importer(815301076,1909f56bfc062723c751e8b465ee728b)  -> (artifact id: '29b736cd326a75df93e682b37c5f9a80') in 0.019109 seconds 
========================================================================
Received Import Request.
  Time since last request: 0.000015 seconds.
  path: Assets/Visuals/Tiles/Tiles Demo_68.asset
  artifactKey: Guid(35a2b1962f47fae43803728ed121da69) Importer(815301076,1909f56bfc062723c751e8b465ee728b)
Start importing Assets/Visuals/Tiles/Tiles Demo_68.asset using Guid(35a2b1962f47fae43803728ed121da69) Importer(815301076,1909f56bfc062723c751e8b465ee728b)  -> (artifact id: '920e39854f0d6879e034f74a8f89c6e4') in 0.022990 seconds 
========================================================================
Received Import Request.
  Time since last request: 0.000017 seconds.
  path: Assets/Visuals/Tiles/Tiles Demo_57.asset
  artifactKey: Guid(7180d79964953564fbe95532ed1188d4) Importer(815301076,1909f56bfc062723c751e8b465ee728b)
Start importing Assets/Visuals/Tiles/Tiles Demo_57.asset using Guid(7180d79964953564fbe95532ed1188d4) Importer(815301076,1909f56bfc062723c751e8b465ee728b)  -> (artifact id: '0b4a26eae306192ed6018948d3ee9360') in 0.014562 seconds 
========================================================================
Received Import Request.
  Time since last request: 0.000076 seconds.
  path: Assets/Visuals/Tiles/Tiles Demo_55.asset
  artifactKey: Guid(b3effd1448c4fb544b96bb3e32bc36ec) Importer(815301076,1909f56bfc062723c751e8b465ee728b)
Start importing Assets/Visuals/Tiles/Tiles Demo_55.asset using Guid(b3effd1448c4fb544b96bb3e32bc36ec) Importer(815301076,1909f56bfc062723c751e8b465ee728b)  -> (artifact id: '5774cd9d7f87c11863ab86249778fbdd') in 0.019661 seconds 
========================================================================
Received Import Request.
  Time since last request: 0.000024 seconds.
  path: Assets/Visuals/Tiles/Tiles Demo_59.asset
  artifactKey: Guid(729e7b48d78c419488c668a3149065d1) Importer(815301076,1909f56bfc062723c751e8b465ee728b)
Start importing Assets/Visuals/Tiles/Tiles Demo_59.asset using Guid(729e7b48d78c419488c668a3149065d1) Importer(815301076,1909f56bfc062723c751e8b465ee728b)  -> (artifact id: '34489a729ea68cf065c0d642d606efc3') in 0.025925 seconds 
========================================================================
Received Import Request.
  Time since last request: 0.000022 seconds.
  path: Assets/Visuals/Tiles/Tiles Demo_100.asset
  artifactKey: Guid(2a99efe5c3c9fda4f9c41d8f40e300e4) Importer(815301076,1909f56bfc062723c751e8b465ee728b)
Start importing Assets/Visuals/Tiles/Tiles Demo_100.asset using Guid(2a99efe5c3c9fda4f9c41d8f40e300e4) Importer(815301076,1909f56bfc062723c751e8b465ee728b)  -> (artifact id: 'f4d861be8b305de9b733d6908e05b7b9') in 0.026579 seconds 
========================================================================
Received Import Request.
  Time since last request: 0.000023 seconds.
  path: Assets/Visuals/Tiles/Tiles Demo_5.asset
  artifactKey: Guid(fd4d31dd0df94644b957e8f5ec1b3055) Importer(815301076,1909f56bfc062723c751e8b465ee728b)
Start importing Assets/Visuals/Tiles/Tiles Demo_5.asset using Guid(fd4d31dd0df94644b957e8f5ec1b3055) Importer(815301076,1909f56bfc062723c751e8b465ee728b)  -> (artifact id: 'f1f1c2b3aeed5e77431e0c9fa34ea645') in 0.024663 seconds 
========================================================================
Received Import Request.
  Time since last request: 0.000019 seconds.
  path: Assets/Visuals/Tiles/Tiles Demo_94.asset
  artifactKey: Guid(8b543e3ac38d6f041a3f2648e4d00bbe) Importer(815301076,1909f56bfc062723c751e8b465ee728b)
Start importing Assets/Visuals/Tiles/Tiles Demo_94.asset using Guid(8b543e3ac38d6f041a3f2648e4d00bbe) Importer(815301076,1909f56bfc062723c751e8b465ee728b)  -> (artifact id: '8132428854117fb69c4af70c6ee834b0') in 0.027935 seconds 
========================================================================
Received Import Request.
  Time since last request: 0.000023 seconds.
  path: Assets/Visuals/Tiles/Tiles Demo_93.asset
  artifactKey: Guid(0864aecab5df05e4bb4b8154adb69a0c) Importer(815301076,1909f56bfc062723c751e8b465ee728b)
Start importing Assets/Visuals/Tiles/Tiles Demo_93.asset using Guid(0864aecab5df05e4bb4b8154adb69a0c) Importer(815301076,1909f56bfc062723c751e8b465ee728b)  -> (artifact id: 'e781e3f68608dd2ca944a27c424e6d53') in 0.028909 seconds 
========================================================================
Received Import Request.
  Time since last request: 0.000032 seconds.
  path: Assets/Visuals/Tiles/Tiles Demo_7.asset
  artifactKey: Guid(088a7c51848d80946a2ae4be69c1778d) Importer(815301076,1909f56bfc062723c751e8b465ee728b)
Start importing Assets/Visuals/Tiles/Tiles Demo_7.asset using Guid(088a7c51848d80946a2ae4be69c1778d) Importer(815301076,1909f56bfc062723c751e8b465ee728b)  -> (artifact id: '7ab28bc80e2a98497278851ddaa5a4f9') in 0.019347 seconds 
========================================================================
Received Import Request.
  Time since last request: 0.000022 seconds.
  path: Assets/Visuals/Tiles/Tiles Demo_88.asset
  artifactKey: Guid(0715d1ba82b9ee445a20106a8dedcf15) Importer(815301076,1909f56bfc062723c751e8b465ee728b)
Start importing Assets/Visuals/Tiles/Tiles Demo_88.asset using Guid(0715d1ba82b9ee445a20106a8dedcf15) Importer(815301076,1909f56bfc062723c751e8b465ee728b)  -> (artifact id: '17d8cc9cf077d64e1aae92db79095330') in 0.028239 seconds 
========================================================================
Received Import Request.
  Time since last request: 0.000021 seconds.
  path: Assets/Visuals/Tiles/Tiles Demo_11.asset
  artifactKey: Guid(003c2600db95d2046b1bd6607eed9460) Importer(815301076,1909f56bfc062723c751e8b465ee728b)
Start importing Assets/Visuals/Tiles/Tiles Demo_11.asset using Guid(003c2600db95d2046b1bd6607eed9460) Importer(815301076,1909f56bfc062723c751e8b465ee728b)  -> (artifact id: '56893f3d61d26e2ab3e938b96bb1c89f') in 0.027517 seconds 
========================================================================
Received Import Request.
  Time since last request: 0.000022 seconds.
  path: Assets/Visuals/Tiles/Tiles Demo_53.asset
  artifactKey: Guid(453fc7a367e2b254bb891a341d7dee07) Importer(815301076,1909f56bfc062723c751e8b465ee728b)
Start importing Assets/Visuals/Tiles/Tiles Demo_53.asset using Guid(453fc7a367e2b254bb891a341d7dee07) Importer(815301076,1909f56bfc062723c751e8b465ee728b)  -> (artifact id: 'be377a8367e35feaab3638d5258aee75') in 0.019544 seconds 
========================================================================
Received Import Request.
  Time since last request: 0.000024 seconds.
  path: Assets/Visuals/Tiles/Tiles Demo_73.asset
  artifactKey: Guid(8e6ec27eff105204d8fa7392ff836357) Importer(815301076,1909f56bfc062723c751e8b465ee728b)
Start importing Assets/Visuals/Tiles/Tiles Demo_73.asset using Guid(8e6ec27eff105204d8fa7392ff836357) Importer(815301076,1909f56bfc062723c751e8b465ee728b)  -> (artifact id: 'cd5a7cf44f2f0d2eb6a2cd045ebe61aa') in 0.021096 seconds 
========================================================================
Received Import Request.
  Time since last request: 0.000021 seconds.
  path: Assets/Visuals/Tiles/Tiles Demo_114.asset
  artifactKey: Guid(0b23d6d5f6252624f85be3b2f67d7452) Importer(815301076,1909f56bfc062723c751e8b465ee728b)
Start importing Assets/Visuals/Tiles/Tiles Demo_114.asset using Guid(0b23d6d5f6252624f85be3b2f67d7452) Importer(815301076,1909f56bfc062723c751e8b465ee728b)  -> (artifact id: '3a53f3d25ea0abadfe168b6981c86e1d') in 0.029985 seconds 
========================================================================
Received Import Request.
  Time since last request: 0.000023 seconds.
  path: Assets/Visuals/Tiles/Tiles Demo_99.asset
  artifactKey: Guid(1209c24ed6b679646bc87ee87d202a2c) Importer(815301076,1909f56bfc062723c751e8b465ee728b)
Start importing Assets/Visuals/Tiles/Tiles Demo_99.asset using Guid(1209c24ed6b679646bc87ee87d202a2c) Importer(815301076,1909f56bfc062723c751e8b465ee728b)  -> (artifact id: '2c08159131522caf6afd8153d3163195') in 0.027367 seconds 
========================================================================
Received Import Request.
  Time since last request: 0.000025 seconds.
  path: Assets/Visuals/Tiles/Tiles Demo_17.asset
  artifactKey: Guid(ed30addf5f287ee409752df42c83ee91) Importer(815301076,1909f56bfc062723c751e8b465ee728b)
Start importing Assets/Visuals/Tiles/Tiles Demo_17.asset using Guid(ed30addf5f287ee409752df42c83ee91) Importer(815301076,1909f56bfc062723c751e8b465ee728b)  -> (artifact id: '58a36d8c44798040632b75cb754f9d87') in 0.021428 seconds 
========================================================================
Received Import Request.
  Time since last request: 0.000036 seconds.
  path: Assets/Visuals/Tiles/Tiles Demo_112.asset
  artifactKey: Guid(6464a3ce02d6e7947a735958e6285f64) Importer(815301076,1909f56bfc062723c751e8b465ee728b)
Start importing Assets/Visuals/Tiles/Tiles Demo_112.asset using Guid(6464a3ce02d6e7947a735958e6285f64) Importer(815301076,1909f56bfc062723c751e8b465ee728b)  -> (artifact id: '92b856e24b1725a75ccb514e86df0978') in 0.028188 seconds 
========================================================================
Received Import Request.
  Time since last request: 0.000020 seconds.
  path: Assets/Visuals/Tiles/Tiles Demo_85.asset
  artifactKey: Guid(0a3e7e2ccb07c6046bc0e3f2f847be94) Importer(815301076,1909f56bfc062723c751e8b465ee728b)
Start importing Assets/Visuals/Tiles/Tiles Demo_85.asset using Guid(0a3e7e2ccb07c6046bc0e3f2f847be94) Importer(815301076,1909f56bfc062723c751e8b465ee728b)  -> (artifact id: 'abd3034a55905ff20989c6fbb480d103') in 0.019666 seconds 
========================================================================
Received Import Request.
  Time since last request: 0.000020 seconds.
  path: Assets/Visuals/Tiles/Tiles Demo_111.asset
  artifactKey: Guid(4df110a1b6e01c04181d3d4b686519c6) Importer(815301076,1909f56bfc062723c751e8b465ee728b)
Start importing Assets/Visuals/Tiles/Tiles Demo_111.asset using Guid(4df110a1b6e01c04181d3d4b686519c6) Importer(815301076,1909f56bfc062723c751e8b465ee728b)  -> (artifact id: '900a71041ebb019e1c19b7eeab87069b') in 0.030696 seconds 
========================================================================
Received Import Request.
  Time since last request: 0.000020 seconds.
  path: Assets/Visuals/Tiles/Tiles Demo_6.asset
  artifactKey: Guid(53e9703ab54986d4daefd03691918c06) Importer(815301076,1909f56bfc062723c751e8b465ee728b)
Start importing Assets/Visuals/Tiles/Tiles Demo_6.asset using Guid(53e9703ab54986d4daefd03691918c06) Importer(815301076,1909f56bfc062723c751e8b465ee728b)  -> (artifact id: 'a7bb457cfe612c85bd61c14e99c3c31e') in 0.020572 seconds 
========================================================================
Received Import Request.
  Time since last request: 0.000025 seconds.
  path: Assets/Visuals/Tiles/Tiles Demo_124.asset
  artifactKey: Guid(2ebdc7c5d4343ba4fa4800a908bda0f4) Importer(815301076,1909f56bfc062723c751e8b465ee728b)
Start importing Assets/Visuals/Tiles/Tiles Demo_124.asset using Guid(2ebdc7c5d4343ba4fa4800a908bda0f4) Importer(815301076,1909f56bfc062723c751e8b465ee728b)  -> (artifact id: '99d6e16310070e13d55f2fe52f23bbfa') in 0.032684 seconds 
========================================================================
Received Import Request.
  Time since last request: 0.000021 seconds.
  path: Assets/Visuals/Tiles/Tiles Demo_2.asset
  artifactKey: Guid(2c2431fd7d0740344835f2742f8001f3) Importer(815301076,1909f56bfc062723c751e8b465ee728b)
Start importing Assets/Visuals/Tiles/Tiles Demo_2.asset using Guid(2c2431fd7d0740344835f2742f8001f3) Importer(815301076,1909f56bfc062723c751e8b465ee728b)  -> (artifact id: '45b685d5999cc3dbb32c6bd82cf72489') in 0.019561 seconds 
========================================================================
Received Import Request.
  Time since last request: 0.000021 seconds.
  path: Assets/Visuals/Tiles/Tiles Demo_109.asset
  artifactKey: Guid(ea110e6a13f582a469b660bd5974d6bb) Importer(815301076,1909f56bfc062723c751e8b465ee728b)
Start importing Assets/Visuals/Tiles/Tiles Demo_109.asset using Guid(ea110e6a13f582a469b660bd5974d6bb) Importer(815301076,1909f56bfc062723c751e8b465ee728b)  -> (artifact id: 'c40f23939af4652ca795c381fc31c4ed') in 0.024630 seconds 
========================================================================
Received Import Request.
  Time since last request: 0.000028 seconds.
  path: Assets/Visuals/Tiles/Tiles Demo_1.asset
  artifactKey: Guid(795cfead59d7f014a95cbe3a2aa438e2) Importer(815301076,1909f56bfc062723c751e8b465ee728b)
Start importing Assets/Visuals/Tiles/Tiles Demo_1.asset using Guid(795cfead59d7f014a95cbe3a2aa438e2) Importer(815301076,1909f56bfc062723c751e8b465ee728b)  -> (artifact id: 'cc45f14f953639ac813c5fe0ab1c62c2') in 0.022123 seconds 
========================================================================
Received Import Request.
  Time since last request: 0.000039 seconds.
  path: Assets/Visuals/Tiles/Tiles Demo_48.asset
  artifactKey: Guid(d0a375c3fa453bb4fac4c335162865f5) Importer(815301076,1909f56bfc062723c751e8b465ee728b)
Start importing Assets/Visuals/Tiles/Tiles Demo_48.asset using Guid(d0a375c3fa453bb4fac4c335162865f5) Importer(815301076,1909f56bfc062723c751e8b465ee728b)  -> (artifact id: '465557b691bd3d2c3fa6790e1bdd2931') in 0.022270 seconds 
========================================================================
Received Import Request.
  Time since last request: 0.000022 seconds.
  path: Assets/Visuals/Tiles/Tiles Demo_33.asset
  artifactKey: Guid(e020610582db8454e95f7cd7007be55e) Importer(815301076,1909f56bfc062723c751e8b465ee728b)
Start importing Assets/Visuals/Tiles/Tiles Demo_33.asset using Guid(e020610582db8454e95f7cd7007be55e) Importer(815301076,1909f56bfc062723c751e8b465ee728b)  -> (artifact id: '3466b73cad8bb6fd22cf29bfd1e0ab9c') in 0.025205 seconds 
========================================================================
Received Import Request.
  Time since last request: 0.000027 seconds.
  path: Assets/Visuals/Tiles/Tiles Demo_118.asset
  artifactKey: Guid(1742a0fe467592b41ae1542d71f46908) Importer(815301076,1909f56bfc062723c751e8b465ee728b)
Start importing Assets/Visuals/Tiles/Tiles Demo_118.asset using Guid(1742a0fe467592b41ae1542d71f46908) Importer(815301076,1909f56bfc062723c751e8b465ee728b)  -> (artifact id: 'b6506bf24043327463b2746aba0a3301') in 0.022406 seconds 
========================================================================
Received Import Request.
  Time since last request: 0.000024 seconds.
  path: Assets/Visuals/Tiles/Tiles Demo_80.asset
  artifactKey: Guid(f94e16f5ceacbd34c9a70c2faf6b98c5) Importer(815301076,1909f56bfc062723c751e8b465ee728b)
Start importing Assets/Visuals/Tiles/Tiles Demo_80.asset using Guid(f94e16f5ceacbd34c9a70c2faf6b98c5) Importer(815301076,1909f56bfc062723c751e8b465ee728b)  -> (artifact id: '340d5f5ce7f72209b3bc4b6814e87fc8') in 0.022373 seconds 
========================================================================
Received Import Request.
  Time since last request: 0.000024 seconds.
  path: Assets/Visuals/Tiles/Tiles Demo_32.asset
  artifactKey: Guid(09fa620aad8108d47bd792eb3bc6c799) Importer(815301076,1909f56bfc062723c751e8b465ee728b)
Start importing Assets/Visuals/Tiles/Tiles Demo_32.asset using Guid(09fa620aad8108d47bd792eb3bc6c799) Importer(815301076,1909f56bfc062723c751e8b465ee728b)  -> (artifact id: 'e262b79a8dca9a426010062e13e25e6a') in 0.024739 seconds 
========================================================================
Received Import Request.
  Time since last request: 0.000025 seconds.
  path: Assets/Visuals/Tiles/Tiles Demo_46.asset
  artifactKey: Guid(45052bbb195b46e41943cd410a4084e6) Importer(815301076,1909f56bfc062723c751e8b465ee728b)
Start importing Assets/Visuals/Tiles/Tiles Demo_46.asset using Guid(45052bbb195b46e41943cd410a4084e6) Importer(815301076,1909f56bfc062723c751e8b465ee728b)  -> (artifact id: '51c6a15cf1e00e1673d57fa7770c3c82') in 0.023909 seconds 
========================================================================
Received Import Request.
  Time since last request: 0.000022 seconds.
  path: Assets/Visuals/Tiles/Tiles Demo_117.asset
  artifactKey: Guid(7adaaf9b903671347adc2ce9ef044138) Importer(815301076,1909f56bfc062723c751e8b465ee728b)
Start importing Assets/Visuals/Tiles/Tiles Demo_117.asset using Guid(7adaaf9b903671347adc2ce9ef044138) Importer(815301076,1909f56bfc062723c751e8b465ee728b)  -> (artifact id: '0c3bffcdc1bcfe0c2119e72233212a55') in 0.024007 seconds 
========================================================================
Received Import Request.
  Time since last request: 0.000024 seconds.
  path: Assets/Visuals/Tiles/Tiles Demo_116.asset
  artifactKey: Guid(197908dc16e5bf24c94befad48fda17f) Importer(815301076,1909f56bfc062723c751e8b465ee728b)
Start importing Assets/Visuals/Tiles/Tiles Demo_116.asset using Guid(197908dc16e5bf24c94befad48fda17f) Importer(815301076,1909f56bfc062723c751e8b465ee728b)  -> (artifact id: 'd1742a23df8fa7d6b3a2d1608d0cfe54') in 0.021063 seconds 
========================================================================
Received Import Request.
  Time since last request: 0.000034 seconds.
  path: Assets/Visuals/Tiles/Tiles Demo_50.asset
  artifactKey: Guid(9c16ccb6435b89c4a8358b82d69de5f1) Importer(815301076,1909f56bfc062723c751e8b465ee728b)
Start importing Assets/Visuals/Tiles/Tiles Demo_50.asset using Guid(9c16ccb6435b89c4a8358b82d69de5f1) Importer(815301076,1909f56bfc062723c751e8b465ee728b)  -> (artifact id: 'cacb9e3b1825ac4a1e5284824febee4e') in 0.027075 seconds 
========================================================================
Received Import Request.
  Time since last request: 0.000020 seconds.
  path: Assets/Visuals/Tiles/Tiles Demo_38.asset
  artifactKey: Guid(2b70604e144c09a4ca16317edf64af76) Importer(815301076,1909f56bfc062723c751e8b465ee728b)
Start importing Assets/Visuals/Tiles/Tiles Demo_38.asset using Guid(2b70604e144c09a4ca16317edf64af76) Importer(815301076,1909f56bfc062723c751e8b465ee728b)  -> (artifact id: '501b9cff097986002074871463393214') in 0.030916 seconds 
========================================================================
Received Import Request.
  Time since last request: 0.000019 seconds.
  path: Assets/Visuals/Tiles/Tiles Demo_84.asset
  artifactKey: Guid(091f8b070aa077449afdde89df5c6a7a) Importer(815301076,1909f56bfc062723c751e8b465ee728b)
Start importing Assets/Visuals/Tiles/Tiles Demo_84.asset using Guid(091f8b070aa077449afdde89df5c6a7a) Importer(815301076,1909f56bfc062723c751e8b465ee728b)  -> (artifact id: 'b3eb99a92df622700d0d48ce048509db') in 0.025067 seconds 
========================================================================
Received Import Request.
  Time since last request: 0.009349 seconds.
  path: Assets/Visuals/Tiles/Tiles Demo_79.asset
  artifactKey: Guid(ffec985ced8c97542a501bd313c85f6d) Importer(815301076,1909f56bfc062723c751e8b465ee728b)
Start importing Assets/Visuals/Tiles/Tiles Demo_79.asset using Guid(ffec985ced8c97542a501bd313c85f6d) Importer(815301076,1909f56bfc062723c751e8b465ee728b)  -> (artifact id: '7e413d6fd9917f74d13650af914f50ca') in 0.021755 seconds 
========================================================================
Received Import Request.
  Time since last request: 0.000021 seconds.
  path: Assets/Visuals/Tiles/Tiles Demo_13.asset
  artifactKey: Guid(c3821815c70735c4cab8200a572a87bc) Importer(815301076,1909f56bfc062723c751e8b465ee728b)
Start importing Assets/Visuals/Tiles/Tiles Demo_13.asset using Guid(c3821815c70735c4cab8200a572a87bc) Importer(815301076,1909f56bfc062723c751e8b465ee728b)  -> (artifact id: 'de063bd617d7e420948c52e0d24bc365') in 0.026542 seconds 
========================================================================
Received Import Request.
  Time since last request: 0.005090 seconds.
  path: Assets/Visuals/Tiles/Tiles Demo_41.asset
  artifactKey: Guid(b0589bbebac3f1447b6689ec61950cdd) Importer(815301076,1909f56bfc062723c751e8b465ee728b)
Start importing Assets/Visuals/Tiles/Tiles Demo_41.asset using Guid(b0589bbebac3f1447b6689ec61950cdd) Importer(815301076,1909f56bfc062723c751e8b465ee728b)  -> (artifact id: '419451a735b9bd522158e918345b9715') in 0.023189 seconds 
========================================================================
Received Import Request.
  Time since last request: 0.000025 seconds.
  path: Assets/Visuals/Tiles/Tiles Demo_54.asset
  artifactKey: Guid(220bf9fbadb35c64a90edf76bde2f82f) Importer(815301076,1909f56bfc062723c751e8b465ee728b)
Start importing Assets/Visuals/Tiles/Tiles Demo_54.asset using Guid(220bf9fbadb35c64a90edf76bde2f82f) Importer(815301076,1909f56bfc062723c751e8b465ee728b)  -> (artifact id: '8fc879fd2283c769479aa7615a8cff21') in 0.026420 seconds 
========================================================================
Received Import Request.
  Time since last request: 0.000031 seconds.
  path: Assets/Visuals/Tiles/Tiles Demo_18.asset
  artifactKey: Guid(9e9c67240a1de514a8c627f7bf28644d) Importer(815301076,1909f56bfc062723c751e8b465ee728b)
Start importing Assets/Visuals/Tiles/Tiles Demo_18.asset using Guid(9e9c67240a1de514a8c627f7bf28644d) Importer(815301076,1909f56bfc062723c751e8b465ee728b)  -> (artifact id: '0cb7366b10dab113a139afb9bf8e50da') in 0.055876 seconds 
========================================================================
Received Import Request.
  Time since last request: 0.000020 seconds.
  path: Assets/Visuals/Tiles/Tiles Demo_105.asset
  artifactKey: Guid(5fcf54c450d6ca747917237d710cb2be) Importer(815301076,1909f56bfc062723c751e8b465ee728b)
Start importing Assets/Visuals/Tiles/Tiles Demo_105.asset using Guid(5fcf54c450d6ca747917237d710cb2be) Importer(815301076,1909f56bfc062723c751e8b465ee728b)  -> (artifact id: '857c09e634b3e4d19efef38fb2daf4df') in 0.034174 seconds 
========================================================================
Received Import Request.
  Time since last request: 0.000179 seconds.
  path: Assets/Visuals/Tiles/Tiles Demo_121.asset
  artifactKey: Guid(4733c15c9292d994ea24095c7c950f6a) Importer(815301076,1909f56bfc062723c751e8b465ee728b)
Start importing Assets/Visuals/Tiles/Tiles Demo_121.asset using Guid(4733c15c9292d994ea24095c7c950f6a) Importer(815301076,1909f56bfc062723c751e8b465ee728b)  -> (artifact id: 'e0f5b4a8e69fa1acf74a7811c5613518') in 0.022720 seconds 
========================================================================
Received Import Request.
  Time since last request: 0.000024 seconds.
  path: Assets/Visuals/Tiles/Tiles Demo_44.asset
  artifactKey: Guid(980727d76c8f60b4e835a37a342528bc) Importer(815301076,1909f56bfc062723c751e8b465ee728b)
Start importing Assets/Visuals/Tiles/Tiles Demo_44.asset using Guid(980727d76c8f60b4e835a37a342528bc) Importer(815301076,1909f56bfc062723c751e8b465ee728b)  -> (artifact id: '462eaa01ad61e9dba63925813276008b') in 0.033773 seconds 
========================================================================
Received Import Request.
  Time since last request: 0.000022 seconds.
  path: Assets/Visuals/Tiles/Tiles Demo_31.asset
  artifactKey: Guid(0262c7f4d606b9540b2479bbed612e27) Importer(815301076,1909f56bfc062723c751e8b465ee728b)
Start importing Assets/Visuals/Tiles/Tiles Demo_31.asset using Guid(0262c7f4d606b9540b2479bbed612e27) Importer(815301076,1909f56bfc062723c751e8b465ee728b)  -> (artifact id: '1b30b01e19ebdd6eb1134325cc858c7e') in 0.038831 seconds 
========================================================================
Received Import Request.
  Time since last request: 0.003483 seconds.
  path: Assets/Visuals/Tiles/Tiles Demo_40.asset
  artifactKey: Guid(986ad746a343f1f4ba6faf6f9f07907e) Importer(815301076,1909f56bfc062723c751e8b465ee728b)
Start importing Assets/Visuals/Tiles/Tiles Demo_40.asset using Guid(986ad746a343f1f4ba6faf6f9f07907e) Importer(815301076,1909f56bfc062723c751e8b465ee728b)  -> (artifact id: '75a01327e601eef91a88d7be022cae02') in 0.021459 seconds 
========================================================================
Received Import Request.
  Time since last request: 0.000018 seconds.
  path: Assets/Visuals/Tiles/Tiles Demo_110.asset
  artifactKey: Guid(645b41c652789a343b035714e116224e) Importer(815301076,1909f56bfc062723c751e8b465ee728b)
Start importing Assets/Visuals/Tiles/Tiles Demo_110.asset using Guid(645b41c652789a343b035714e116224e) Importer(815301076,1909f56bfc062723c751e8b465ee728b)  -> (artifact id: 'e96ccbdf588e1b0521154da51fbed10c') in 0.022969 seconds 
========================================================================
Received Import Request.
  Time since last request: 0.000022 seconds.
  path: Assets/Visuals/Tiles/Tiles Demo_9.asset
  artifactKey: Guid(dea2a62c2418afd4fb5c18c686c66d6a) Importer(815301076,1909f56bfc062723c751e8b465ee728b)
Start importing Assets/Visuals/Tiles/Tiles Demo_9.asset using Guid(dea2a62c2418afd4fb5c18c686c66d6a) Importer(815301076,1909f56bfc062723c751e8b465ee728b)  -> (artifact id: 'bd9213c77d58f70dd29f97cb27ade576') in 0.022842 seconds 
========================================================================
Received Import Request.
  Time since last request: 0.000023 seconds.
  path: Assets/Visuals/Tiles/Tiles Demo_122.asset
  artifactKey: Guid(cfda2bb5771d6db4692b6b3c1a7e68c4) Importer(815301076,1909f56bfc062723c751e8b465ee728b)
Start importing Assets/Visuals/Tiles/Tiles Demo_122.asset using Guid(cfda2bb5771d6db4692b6b3c1a7e68c4) Importer(815301076,1909f56bfc062723c751e8b465ee728b)  -> (artifact id: '50dcc744ee1ccdd1c1fd57af0d84cf25') in 0.022986 seconds 
========================================================================
Received Import Request.
  Time since last request: 0.000019 seconds.
  path: Assets/Visuals/Tiles/Tiles Demo_19.asset
  artifactKey: Guid(fa0d5fb18e8d8884a8a7a337266f4baa) Importer(815301076,1909f56bfc062723c751e8b465ee728b)
Start importing Assets/Visuals/Tiles/Tiles Demo_19.asset using Guid(fa0d5fb18e8d8884a8a7a337266f4baa) Importer(815301076,1909f56bfc062723c751e8b465ee728b)  -> (artifact id: 'cfbbabef804fa633441b3c23e34792a7') in 0.027494 seconds 
========================================================================
Received Import Request.
  Time since last request: 0.000020 seconds.
  path: Assets/Visuals/Tiles/Tiles Demo_70.asset
  artifactKey: Guid(8fe5d0991a9a2e84ea2b88153402f5e7) Importer(815301076,1909f56bfc062723c751e8b465ee728b)
Start importing Assets/Visuals/Tiles/Tiles Demo_70.asset using Guid(8fe5d0991a9a2e84ea2b88153402f5e7) Importer(815301076,1909f56bfc062723c751e8b465ee728b)  -> (artifact id: 'd49269a222c0465b0353d65998660df6') in 0.027950 seconds 
========================================================================
Received Import Request.
  Time since last request: 0.000023 seconds.
  path: Assets/Visuals/Tiles/Tiles Demo_22.asset
  artifactKey: Guid(8cebf30156d329444a02a3135715fcf2) Importer(815301076,1909f56bfc062723c751e8b465ee728b)
Start importing Assets/Visuals/Tiles/Tiles Demo_22.asset using Guid(8cebf30156d329444a02a3135715fcf2) Importer(815301076,1909f56bfc062723c751e8b465ee728b)  -> (artifact id: 'c8f8328e81abdc50cd8c5eb0d813f0a3') in 0.025760 seconds 
========================================================================
Received Import Request.
  Time since last request: 0.000025 seconds.
  path: Assets/Visuals/Tiles/Tiles Demo_104.asset
  artifactKey: Guid(89d97b332b5909c458a21f57afeee493) Importer(815301076,1909f56bfc062723c751e8b465ee728b)
Start importing Assets/Visuals/Tiles/Tiles Demo_104.asset using Guid(89d97b332b5909c458a21f57afeee493) Importer(815301076,1909f56bfc062723c751e8b465ee728b)  -> (artifact id: '77dbc72ffba3e5b98aae66aeddc05160') in 0.026094 seconds 
========================================================================
Received Import Request.
  Time since last request: 0.000029 seconds.
  path: Assets/Visuals/Tiles/Tiles Demo_23.asset
  artifactKey: Guid(5e0d7352d0fcdd848b82a9ea6e5576a5) Importer(815301076,1909f56bfc062723c751e8b465ee728b)
Start importing Assets/Visuals/Tiles/Tiles Demo_23.asset using Guid(5e0d7352d0fcdd848b82a9ea6e5576a5) Importer(815301076,1909f56bfc062723c751e8b465ee728b)  -> (artifact id: '0a4f1f887881058b6c79281926bacfed') in 0.020933 seconds 
========================================================================
Received Import Request.
  Time since last request: 0.000073 seconds.
  path: Assets/Visuals/Tiles/Tiles Demo_20.asset
  artifactKey: Guid(85c390cdb09ba6546a8c28fb303c2dfb) Importer(815301076,1909f56bfc062723c751e8b465ee728b)
Start importing Assets/Visuals/Tiles/Tiles Demo_20.asset using Guid(85c390cdb09ba6546a8c28fb303c2dfb) Importer(815301076,1909f56bfc062723c751e8b465ee728b)  -> (artifact id: 'ecef10d4fbef453ca529750fc4ca8d83') in 0.023960 seconds 
========================================================================
Received Import Request.
  Time since last request: 0.000022 seconds.
  path: Assets/Visuals/Tiles/Tiles Demo_74.asset
  artifactKey: Guid(9cfe612db9aff3b408c80f868a9b6e32) Importer(815301076,1909f56bfc062723c751e8b465ee728b)
Start importing Assets/Visuals/Tiles/Tiles Demo_74.asset using Guid(9cfe612db9aff3b408c80f868a9b6e32) Importer(815301076,1909f56bfc062723c751e8b465ee728b)  -> (artifact id: '5db9805aeaad88ae7dc537c53128feaf') in 0.024473 seconds 
========================================================================
Received Import Request.
  Time since last request: 0.000025 seconds.
  path: Assets/Visuals/Tiles/Tiles Demo_69.asset
  artifactKey: Guid(0871a285e7c84fe479c42743b6a073bc) Importer(815301076,1909f56bfc062723c751e8b465ee728b)
Start importing Assets/Visuals/Tiles/Tiles Demo_69.asset using Guid(0871a285e7c84fe479c42743b6a073bc) Importer(815301076,1909f56bfc062723c751e8b465ee728b)  -> (artifact id: '3be0de5c2ee7ec53d81119093499b55f') in 0.021782 seconds 
========================================================================
Received Import Request.
  Time since last request: 0.000023 seconds.
  path: Assets/Visuals/Tiles/Tiles Demo_101.asset
  artifactKey: Guid(ecdd2ea3b303c5445817523791eadd53) Importer(815301076,1909f56bfc062723c751e8b465ee728b)
Start importing Assets/Visuals/Tiles/Tiles Demo_101.asset using Guid(ecdd2ea3b303c5445817523791eadd53) Importer(815301076,1909f56bfc062723c751e8b465ee728b)  -> (artifact id: '9a6de8447f3fb83542ba83034076c84f') in 0.019797 seconds 
========================================================================
Received Import Request.
  Time since last request: 0.000022 seconds.
  path: Assets/Visuals/Tiles/Tiles Demo_83.asset
  artifactKey: Guid(8d866f7a5cb3a5a409b6e0b66eac8761) Importer(815301076,1909f56bfc062723c751e8b465ee728b)
Start importing Assets/Visuals/Tiles/Tiles Demo_83.asset using Guid(8d866f7a5cb3a5a409b6e0b66eac8761) Importer(815301076,1909f56bfc062723c751e8b465ee728b)  -> (artifact id: 'bd236dcc790aabdc704ae1a75b7c0cf8') in 0.030740 seconds 
========================================================================
Received Import Request.
  Time since last request: 0.000018 seconds.
  path: Assets/Visuals/Tiles/Tiles Demo_107.asset
  artifactKey: Guid(6e64817db64c804469df1c3f44aabe96) Importer(815301076,1909f56bfc062723c751e8b465ee728b)
Start importing Assets/Visuals/Tiles/Tiles Demo_107.asset using Guid(6e64817db64c804469df1c3f44aabe96) Importer(815301076,1909f56bfc062723c751e8b465ee728b)  -> (artifact id: '682acf48a56734731e6ecd5f70a497b3') in 0.025262 seconds 
========================================================================
Received Import Request.
  Time since last request: 0.000021 seconds.
  path: Assets/Visuals/Tiles/Tiles Demo_0.asset
  artifactKey: Guid(c9d5dfa5e37ec374ba099ab84aacbb96) Importer(815301076,1909f56bfc062723c751e8b465ee728b)
Start importing Assets/Visuals/Tiles/Tiles Demo_0.asset using Guid(c9d5dfa5e37ec374ba099ab84aacbb96) Importer(815301076,1909f56bfc062723c751e8b465ee728b)  -> (artifact id: 'e32b1d5e5a131938002ab64bf8144fdc') in 0.025047 seconds 
========================================================================
Received Import Request.
  Time since last request: 0.000027 seconds.
  path: Assets/Visuals/Tiles/Tiles Demo_64.asset
  artifactKey: Guid(eed54857711e2304e8b6890fda9f3218) Importer(815301076,1909f56bfc062723c751e8b465ee728b)
Start importing Assets/Visuals/Tiles/Tiles Demo_64.asset using Guid(eed54857711e2304e8b6890fda9f3218) Importer(815301076,1909f56bfc062723c751e8b465ee728b)  -> (artifact id: '337edefe1c93e5b6ad58bec6a41a264c') in 0.039204 seconds 
========================================================================
Received Import Request.
  Time since last request: 0.000030 seconds.
  path: Assets/Visuals/Tiles/Tiles Demo_37.asset
  artifactKey: Guid(921a18c1c9adf9f4f9abf4175ac7bc38) Importer(815301076,1909f56bfc062723c751e8b465ee728b)
Start importing Assets/Visuals/Tiles/Tiles Demo_37.asset using Guid(921a18c1c9adf9f4f9abf4175ac7bc38) Importer(815301076,1909f56bfc062723c751e8b465ee728b)  -> (artifact id: '26254ca17437fef72fdcc79c70e5eab7') in 0.030415 seconds 
========================================================================
Received Import Request.
  Time since last request: 0.000047 seconds.
  path: Assets/Visuals/Tiles/Tiles Demo_71.asset
  artifactKey: Guid(b0346e273ee175b4a94adcd8e5dcfca3) Importer(815301076,1909f56bfc062723c751e8b465ee728b)
Start importing Assets/Visuals/Tiles/Tiles Demo_71.asset using Guid(b0346e273ee175b4a94adcd8e5dcfca3) Importer(815301076,1909f56bfc062723c751e8b465ee728b)  -> (artifact id: '162c0f2fafcb24f2664eee60158317b6') in 0.027861 seconds 
========================================================================
Received Import Request.
  Time since last request: 0.000021 seconds.
  path: Assets/Visuals/Tiles/Tiles Demo_52.asset
  artifactKey: Guid(92d861daafb01a74187f1382a80311e0) Importer(815301076,1909f56bfc062723c751e8b465ee728b)
Start importing Assets/Visuals/Tiles/Tiles Demo_52.asset using Guid(92d861daafb01a74187f1382a80311e0) Importer(815301076,1909f56bfc062723c751e8b465ee728b)  -> (artifact id: '26e23207dd6d7d161b57b832df388ab0') in 0.024546 seconds 
========================================================================
Received Import Request.
  Time since last request: 0.001669 seconds.
  path: Assets/Visuals/Tiles/Tiles Demo_63.asset
  artifactKey: Guid(88a0add8894574e4cb97835cc7e101b4) Importer(815301076,1909f56bfc062723c751e8b465ee728b)
Start importing Assets/Visuals/Tiles/Tiles Demo_63.asset using Guid(88a0add8894574e4cb97835cc7e101b4) Importer(815301076,1909f56bfc062723c751e8b465ee728b)  -> (artifact id: 'a89d2a534b346590029db35b8c9213ed') in 0.024546 seconds 
========================================================================
Received Import Request.
  Time since last request: 0.001044 seconds.
  path: Assets/Visuals/Tiles/Tiles Demo_92.asset
  artifactKey: Guid(a3bb0084a4ab12949855048d35b05f1c) Importer(815301076,1909f56bfc062723c751e8b465ee728b)
Start importing Assets/Visuals/Tiles/Tiles Demo_92.asset using Guid(a3bb0084a4ab12949855048d35b05f1c) Importer(815301076,1909f56bfc062723c751e8b465ee728b)  -> (artifact id: '0be352e1b8fdc795babfea0f96a1d248') in 0.022244 seconds 
========================================================================
Received Import Request.
  Time since last request: 0.000019 seconds.
  path: Assets/Visuals/Tiles/Tiles Demo_47.asset
  artifactKey: Guid(50b5162a0fcce6247be3413ce4df4b69) Importer(815301076,1909f56bfc062723c751e8b465ee728b)
Start importing Assets/Visuals/Tiles/Tiles Demo_47.asset using Guid(50b5162a0fcce6247be3413ce4df4b69) Importer(815301076,1909f56bfc062723c751e8b465ee728b)  -> (artifact id: '53e1719a51ce35c928ab302ac938d12d') in 0.024305 seconds 
========================================================================
Received Import Request.
  Time since last request: 0.000018 seconds.
  path: Assets/Visuals/Tiles/Tiles Demo_62.asset
  artifactKey: Guid(2f680ed7eed449e48a98066cf16dde0a) Importer(815301076,1909f56bfc062723c751e8b465ee728b)
Start importing Assets/Visuals/Tiles/Tiles Demo_62.asset using Guid(2f680ed7eed449e48a98066cf16dde0a) Importer(815301076,1909f56bfc062723c751e8b465ee728b)  -> (artifact id: 'e0e3d0e8dcb24f02968608c8f8a6c886') in 0.023242 seconds 
========================================================================
Received Import Request.
  Time since last request: 0.000023 seconds.
  path: Assets/Visuals/Tiles/Tiles Demo_72.asset
  artifactKey: Guid(a55bac16714ef6c46ac431a6057c7db5) Importer(815301076,1909f56bfc062723c751e8b465ee728b)
Start importing Assets/Visuals/Tiles/Tiles Demo_72.asset using Guid(a55bac16714ef6c46ac431a6057c7db5) Importer(815301076,1909f56bfc062723c751e8b465ee728b)  -> (artifact id: 'f6338d85dbbf453521993b306c997376') in 0.024926 seconds 
Editor requested this worker to shutdown with reason: Scaling down because of idle timeout
AssetImportWorker is now disconnected from the server
Process exiting
Exiting without the bug reporter. Application will terminate with return code 0