Using pre-set license
Built from '2021.3/staging' branch; Version is '2021.3.26f1 (a16dc32e0ff2) revision 10579395'; Using compiler version '192829333'; Build Type 'Release'
OS: 'Windows 10  (10.0.19045) 64bit Enterprise' Language: 'en' Physical Memory: 65224 MB
BatchMode: 1, IsHumanControllingUs: 0, StartBugReporterOnCrash: 0, Is64bit: 1, IsPro: 1

COMMAND LINE ARGUMENTS:
C:\Program Files\Unity\Hub\Editor\2021.3.26f1\Editor\Unity.exe
-adb2
-batchMode
-noUpm
-name
AssetImportWorker0
-projectPath
C:/Users/alexander.roache/Documents/GitHub/2DPlatformerSprites
-logFile
Logs/AssetImportWorker0.log
-srvPort
51989
Successfully changed project path to: C:/Users/alexander.roache/Documents/GitHub/2DPlatformerSprites
C:/Users/alexander.roache/Documents/GitHub/2DPlatformerSprites
[UnityMemory] Configuration Parameters - Can be set up in boot.config
    "memorysetup-bucket-allocator-granularity=16"
    "memorysetup-bucket-allocator-bucket-count=8"
    "memorysetup-bucket-allocator-block-size=33554432"
    "memorysetup-bucket-allocator-block-count=8"
    "memorysetup-main-allocator-block-size=16777216"
    "memorysetup-thread-allocator-block-size=16777216"
    "memorysetup-gfx-main-allocator-block-size=16777216"
    "memorysetup-gfx-thread-allocator-block-size=16777216"
    "memorysetup-cache-allocator-block-size=4194304"
    "memorysetup-typetree-allocator-block-size=2097152"
    "memorysetup-profiler-bucket-allocator-granularity=16"
    "memorysetup-profiler-bucket-allocator-bucket-count=8"
    "memorysetup-profiler-bucket-allocator-block-size=33554432"
    "memorysetup-profiler-bucket-allocator-block-count=8"
    "memorysetup-profiler-allocator-block-size=16777216"
    "memorysetup-profiler-editor-allocator-block-size=1048576"
    "memorysetup-temp-allocator-size-main=16777216"
    "memorysetup-job-temp-allocator-block-size=2097152"
    "memorysetup-job-temp-allocator-block-size-background=1048576"
    "memorysetup-job-temp-allocator-reduction-small-platforms=262144"
    "memorysetup-temp-allocator-size-background-worker=32768"
    "memorysetup-temp-allocator-size-job-worker=262144"
    "memorysetup-temp-allocator-size-preload-manager=33554432"
    "memorysetup-temp-allocator-size-nav-mesh-worker=65536"
    "memorysetup-temp-allocator-size-audio-worker=65536"
    "memorysetup-temp-allocator-size-cloud-worker=32768"
    "memorysetup-temp-allocator-size-gi-baking-worker=262144"
    "memorysetup-temp-allocator-size-gfx=262144"
Player connection [27860] Host "[IP] 172.27.14.187 [Port] 0 [Flags] 2 [Guid] 3255105869 [EditorId] 3255105869 [Version] 1048832 [Id] WindowsEditor(7,NS00J002011DE20) [Debug] 1 [PackageName] WindowsEditor [ProjectName] Editor" joined multi-casting on [225.0.0.222:54997]...

Player connection [27860] Host "[IP] 172.27.14.187 [Port] 0 [Flags] 2 [Guid] 3255105869 [EditorId] 3255105869 [Version] 1048832 [Id] WindowsEditor(7,NS00J002011DE20) [Debug] 1 [PackageName] WindowsEditor [ProjectName] Editor" joined alternative multi-casting on [225.0.0.222:34997]...

Refreshing native plugins compatible for Editor in 223.73 ms, found 4 plugins.
Preloading 0 native plugins for Editor in 0.00 ms.
Initialize engine version: 2021.3.26f1 (a16dc32e0ff2)
[Subsystems] Discovering subsystems at path C:/Program Files/Unity/Hub/Editor/2021.3.26f1/Editor/Data/Resources/UnitySubsystems
[Subsystems] Discovering subsystems at path C:/Users/alexander.roache/Documents/GitHub/2DPlatformerSprites/Assets
GfxDevice: creating device client; threaded=0; jobified=0
Direct3D:
    Version:  Direct3D 11.0 [level 11.1]
    Renderer: NVIDIA GeForce RTX 3090 (ID=0x2204)
    Vendor:   NVIDIA
    VRAM:     24340 MB
    Driver:   31.0.15.3161
Initialize mono
Mono path[0] = 'C:/Program Files/Unity/Hub/Editor/2021.3.26f1/Editor/Data/Managed'
Mono path[1] = 'C:/Program Files/Unity/Hub/Editor/2021.3.26f1/Editor/Data/MonoBleedingEdge/lib/mono/unityjit-win32'
Mono config path = 'C:/Program Files/Unity/Hub/Editor/2021.3.26f1/Editor/Data/MonoBleedingEdge/etc'
Using monoOptions --debugger-agent=transport=dt_socket,embedding=1,server=y,suspend=n,address=127.0.0.1:56212
Begin MonoManager ReloadAssembly
Registering precompiled unity dll's ...
Register platform support module: C:/Program Files/Unity/Hub/Editor/2021.3.26f1/Editor/Data/PlaybackEngines/AndroidPlayer/UnityEditor.Android.Extensions.dll
Register platform support module: C:/Program Files/Unity/Hub/Editor/2021.3.26f1/Editor/Data/PlaybackEngines/WindowsStandaloneSupport/UnityEditor.WindowsStandalone.Extensions.dll
Registered in 0.158210 seconds.
Native extension for WindowsStandalone target not found
Native extension for Android target not found
Android Extension - Scanning For ADB Devices 416 ms
Refreshing native plugins compatible for Editor in 84.99 ms, found 4 plugins.
Preloading 0 native plugins for Editor in 0.00 ms.
Mono: successfully reloaded assembly
- Completed reload, in  4.552 seconds
Domain Reload Profiling:
	ReloadAssembly (4552ms)
		BeginReloadAssembly (2663ms)
			ExecutionOrderSort (0ms)
			DisableScriptedObjects (0ms)
			BackupInstance (0ms)
			ReleaseScriptingObjects (0ms)
			CreateAndSetChildDomain (1ms)
		EndReloadAssembly (1467ms)
			LoadAssemblies (2660ms)
			RebuildTransferFunctionScriptingTraits (0ms)
			SetupTypeCache (599ms)
			ReleaseScriptCaches (0ms)
			RebuildScriptCaches (29ms)
			SetupLoadedEditorAssemblies (779ms)
				LogAssemblyErrors (0ms)
				InitializePlatformSupportModulesInManaged (542ms)
				SetLoadedEditorAssemblies (0ms)
				RefreshPlugins (85ms)
				BeforeProcessingInitializeOnLoad (1ms)
				ProcessInitializeOnLoadAttributes (95ms)
				ProcessInitializeOnLoadMethodAttributes (56ms)
				AfterProcessingInitializeOnLoad (0ms)
				EditorAssembliesLoaded (0ms)
			ExecutionOrderSort2 (0ms)
			AwakeInstancesAfterBackupRestoration (0ms)
Platform modules already initialized, skipping
Registering precompiled user dll's ...
Registered in 0.761676 seconds.
Begin MonoManager ReloadAssembly
Symbol file LoadedFromMemory doesn't match image C:\Users\alexander.roache\Documents\GitHub\2DPlatformerSprites\Library\PackageCache\com.unity.visualscripting@1.8.0\Editor\VisualScripting.Core\Dependencies\YamlDotNet\Unity.VisualScripting.YamlDotNet.dll
Symbol file LoadedFromMemory doesn't match image C:\Users\alexander.roache\Documents\GitHub\2DPlatformerSprites\Library\PackageCache\com.unity.visualscripting@1.8.0\Editor\VisualScripting.Core\Dependencies\DotNetZip\Unity.VisualScripting.IonicZip.dll
Native extension for WindowsStandalone target not found
Native extension for Android target not found
Refreshing native plugins compatible for Editor in 83.88 ms, found 4 plugins.
Preloading 0 native plugins for Editor in 0.00 ms.
Mono: successfully reloaded assembly
- Completed reload, in  4.502 seconds
Domain Reload Profiling:
	ReloadAssembly (4503ms)
		BeginReloadAssembly (121ms)
			ExecutionOrderSort (0ms)
			DisableScriptedObjects (6ms)
			BackupInstance (0ms)
			ReleaseScriptingObjects (0ms)
			CreateAndSetChildDomain (17ms)
		EndReloadAssembly (4219ms)
			LoadAssemblies (3038ms)
			RebuildTransferFunctionScriptingTraits (0ms)
			SetupTypeCache (533ms)
			ReleaseScriptCaches (1ms)
			RebuildScriptCaches (57ms)
			SetupLoadedEditorAssemblies (529ms)
				LogAssemblyErrors (0ms)
				InitializePlatformSupportModulesInManaged (22ms)
				SetLoadedEditorAssemblies (0ms)
				RefreshPlugins (84ms)
				BeforeProcessingInitializeOnLoad (95ms)
				ProcessInitializeOnLoadAttributes (281ms)
				ProcessInitializeOnLoadMethodAttributes (39ms)
				AfterProcessingInitializeOnLoad (8ms)
				EditorAssembliesLoaded (0ms)
			ExecutionOrderSort2 (0ms)
			AwakeInstancesAfterBackupRestoration (6ms)
Platform modules already initialized, skipping
========================================================================
Worker process is ready to serve import requests
Launched and connected shader compiler UnityShaderCompiler.exe after 0.06 seconds
Refreshing native plugins compatible for Editor in 0.73 ms, found 4 plugins.
Preloading 0 native plugins for Editor in 0.00 ms.
Unloading 4124 Unused Serialized files (Serialized files now loaded: 0)
Unloading 36 unused Assets / (340.0 KB). Loaded Objects now: 4587.
Memory consumption went from 164.0 MB to 163.7 MB.
Total: 3.449300 ms (FindLiveObjects: 0.438600 ms CreateObjectMapping: 0.149800 ms MarkObjects: 2.731900 ms  DeleteObjects: 0.127100 ms)

AssetImportParameters requested are different than current active one (requested -> active):
  custom:video-decoder-ogg-theora: a1e56fd34408186e4bbccfd4996cb3dc -> 
  custom:container-muxer-webm: aa71ff27fc2769a1b78a27578f13a17b -> 
  custom:container-demuxer-webm: 4f35f7cbe854078d1ac9338744f61a02 -> 
  custom:video-encoder-webm-vp8: eb34c28f22e8b96e1ab97ce403110664 -> 
  custom:audio-encoder-webm-vorbis: bf7c407c2cedff20999df2af8eb42d56 -> 
  custom:framework-win-MediaFoundation: 216162199b28c13a410421893ffa2e32 -> 
  custom:container-demuxer-ogg: 62fdf1f143b41e24485cea50d1cbac27 -> 
  custom:video-decoder-webm-vp8: 9c59270c3fd7afecdb556c50c9e8de78 -> 
  custom:audio-decoder-ogg-vorbis: bf7c407c2cedff20999df2af8eb42d56 -> 
========================================================================
Received Import Request.
  Time since last request: 78215.089417 seconds.
  path: Assets/Visuals/Sprites/pineacool-animated-Sheet.png
  artifactKey: Guid(4e426cdfc05a63f48a3d37e0bd0d791f) Importer(815301076,1909f56bfc062723c751e8b465ee728b)
Start importing Assets/Visuals/Sprites/pineacool-animated-Sheet.png using Guid(4e426cdfc05a63f48a3d37e0bd0d791f) Importer(815301076,1909f56bfc062723c751e8b465ee728b)  -> (artifact id: '7cf1de10298c66d41be848d2829d3613') in 0.160975 seconds 
========================================================================
Received Import Request.
  Time since last request: 12.512160 seconds.
  path: Assets/Visuals/Sprites/pineacool-animated-Sheet.png
  artifactKey: Guid(4e426cdfc05a63f48a3d37e0bd0d791f) Importer(815301076,1909f56bfc062723c751e8b465ee728b)
Start importing Assets/Visuals/Sprites/pineacool-animated-Sheet.png using Guid(4e426cdfc05a63f48a3d37e0bd0d791f) Importer(815301076,1909f56bfc062723c751e8b465ee728b)  -> (artifact id: '5856530d34f0f95312154987cbe5f845') in 0.014626 seconds 
========================================================================
Received Import Request.
  Time since last request: 92.731341 seconds.
  path: Assets/Visuals/Sprites/pineacool-animated-Sheet.png
  artifactKey: Guid(4e426cdfc05a63f48a3d37e0bd0d791f) Importer(815301076,1909f56bfc062723c751e8b465ee728b)
Start importing Assets/Visuals/Sprites/pineacool-animated-Sheet.png using Guid(4e426cdfc05a63f48a3d37e0bd0d791f) Importer(815301076,1909f56bfc062723c751e8b465ee728b)  -> (artifact id: 'c0826bcbe16fe33908fe588a9a2dd348') in 0.108246 seconds 
========================================================================
Received Import Request.
  Time since last request: 82.376823 seconds.
  path: Assets/Visuals/Yahoo.PNG
  artifactKey: Guid(ae892dfd352262447a95b19a87ab1def) Importer(815301076,1909f56bfc062723c751e8b465ee728b)
Start importing Assets/Visuals/Yahoo.PNG using Guid(ae892dfd352262447a95b19a87ab1def) Importer(815301076,1909f56bfc062723c751e8b465ee728b)  -> (artifact id: '40a7c4fa26cdb85ef90e2fbfaeba78f9') in 0.063108 seconds 
========================================================================
Received Import Request.
  Time since last request: 10.587511 seconds.
  path: Assets/Visuals/Animations
  artifactKey: Guid(1015b6a33930bde4e9a56b8d84bb529d) Importer(815301076,1909f56bfc062723c751e8b465ee728b)
Start importing Assets/Visuals/Animations using Guid(1015b6a33930bde4e9a56b8d84bb529d) Importer(815301076,1909f56bfc062723c751e8b465ee728b)  -> (artifact id: 'a7fce6f6f2dea50c31d7ba5cc8a82f1f') in 0.012391 seconds 
========================================================================
Received Import Request.
  Time since last request: 0.743529 seconds.
  path: Assets/Visuals/Animations/Player
  artifactKey: Guid(aa0ab9b0c60a8d44ca59abce874f54a2) Importer(815301076,1909f56bfc062723c751e8b465ee728b)
Start importing Assets/Visuals/Animations/Player using Guid(aa0ab9b0c60a8d44ca59abce874f54a2) Importer(815301076,1909f56bfc062723c751e8b465ee728b)  -> (artifact id: '2587860dfd42ec1971fe902b6fc6a950') in 0.012739 seconds 
========================================================================
Received Import Request.
  Time since last request: 9.476314 seconds.
  path: Assets/Visuals/Tiles
  artifactKey: Guid(faa246cc949bc354f9bfb46a596a4804) Importer(815301076,1909f56bfc062723c751e8b465ee728b)
Start importing Assets/Visuals/Tiles using Guid(faa246cc949bc354f9bfb46a596a4804) Importer(815301076,1909f56bfc062723c751e8b465ee728b)  -> (artifact id: '272fe76def3e8bd1d931908af7df1da5') in 0.010227 seconds 
========================================================================
Received Import Request.
  Time since last request: 0.062954 seconds.
  path: Assets/Visuals/Tiles/Terrain.prefab
  artifactKey: Guid(64d3d010ca3775b4cb12e646c504768c) Importer(815301076,1909f56bfc062723c751e8b465ee728b)
Start importing Assets/Visuals/Tiles/Terrain.prefab using Guid(64d3d010ca3775b4cb12e646c504768c) Importer(815301076,1909f56bfc062723c751e8b465ee728b)  -> (artifact id: '74a984da449e0a546f16d91cdb970fc7') in 1.311375 seconds 
========================================================================
Received Import Request.
  Time since last request: 0.000027 seconds.
  path: Assets/Visuals/Tiles/Tiles Demo_97.asset
  artifactKey: Guid(2fd4ce17053370c4cb07fd55f8b73065) Importer(815301076,1909f56bfc062723c751e8b465ee728b)
Start importing Assets/Visuals/Tiles/Tiles Demo_97.asset using Guid(2fd4ce17053370c4cb07fd55f8b73065) Importer(815301076,1909f56bfc062723c751e8b465ee728b)  -> (artifact id: 'b292dc2b64f33f3a5e76e0bf0bf322a6') in 0.020938 seconds 
========================================================================
Received Import Request.
  Time since last request: 0.000027 seconds.
  path: Assets/Visuals/Tiles/Tiles Demo_103.asset
  artifactKey: Guid(4ba72cfa5187cb24aa9871db6f994e07) Importer(815301076,1909f56bfc062723c751e8b465ee728b)
Start importing Assets/Visuals/Tiles/Tiles Demo_103.asset using Guid(4ba72cfa5187cb24aa9871db6f994e07) Importer(815301076,1909f56bfc062723c751e8b465ee728b)  -> (artifact id: 'b56cc2d74c468908f0547805cdab40b5') in 0.014018 seconds 
========================================================================
Received Import Request.
  Time since last request: 0.000020 seconds.
  path: Assets/Visuals/Tiles/Tiles Demo_29.asset
  artifactKey: Guid(4fba6c84a6a30294eb48edd13673c4e7) Importer(815301076,1909f56bfc062723c751e8b465ee728b)
Start importing Assets/Visuals/Tiles/Tiles Demo_29.asset using Guid(4fba6c84a6a30294eb48edd13673c4e7) Importer(815301076,1909f56bfc062723c751e8b465ee728b)  -> (artifact id: 'b77538828dc778749bff5663fc828937') in 0.014249 seconds 
========================================================================
Received Import Request.
  Time since last request: 0.000019 seconds.
  path: Assets/Visuals/Tiles/Tiles Demo_21.asset
  artifactKey: Guid(5c8be4101745d6d4898bae1396929e15) Importer(815301076,1909f56bfc062723c751e8b465ee728b)
Start importing Assets/Visuals/Tiles/Tiles Demo_21.asset using Guid(5c8be4101745d6d4898bae1396929e15) Importer(815301076,1909f56bfc062723c751e8b465ee728b)  -> (artifact id: '66f1a999456fe4d143d51201abb91cdc') in 0.014172 seconds 
========================================================================
Received Import Request.
  Time since last request: 0.000019 seconds.
  path: Assets/Visuals/Tiles/Tiles Demo_39.asset
  artifactKey: Guid(91c32d738fc0ce34384466941e1e5fb1) Importer(815301076,1909f56bfc062723c751e8b465ee728b)
Start importing Assets/Visuals/Tiles/Tiles Demo_39.asset using Guid(91c32d738fc0ce34384466941e1e5fb1) Importer(815301076,1909f56bfc062723c751e8b465ee728b)  -> (artifact id: 'ce7d4747d439f2cb20855f0542fa45cb') in 0.013586 seconds 
========================================================================
Received Import Request.
  Time since last request: 0.000018 seconds.
  path: Assets/Visuals/Tiles/Tiles Demo_56.asset
  artifactKey: Guid(4cd0beb4b3e4072429d898fcbb60b3f9) Importer(815301076,1909f56bfc062723c751e8b465ee728b)
Start importing Assets/Visuals/Tiles/Tiles Demo_56.asset using Guid(4cd0beb4b3e4072429d898fcbb60b3f9) Importer(815301076,1909f56bfc062723c751e8b465ee728b)  -> (artifact id: 'fd91d40e69000a8866c1b4b6b7a1ba19') in 0.017792 seconds 
========================================================================
Received Import Request.
  Time since last request: 0.000025 seconds.
  path: Assets/Visuals/Tiles/Tiles Demo_75.asset
  artifactKey: Guid(232dce6c35c3e0241a0fb093e4563b7e) Importer(815301076,1909f56bfc062723c751e8b465ee728b)
Start importing Assets/Visuals/Tiles/Tiles Demo_75.asset using Guid(232dce6c35c3e0241a0fb093e4563b7e) Importer(815301076,1909f56bfc062723c751e8b465ee728b)  -> (artifact id: 'bbcbf2b4967dcd239b82086d99d5c0ee') in 0.017370 seconds 
========================================================================
Received Import Request.
  Time since last request: 0.000019 seconds.
  path: Assets/Visuals/Tiles/Tiles Demo_66.asset
  artifactKey: Guid(d211e2e84377f8a449089ff129e708af) Importer(815301076,1909f56bfc062723c751e8b465ee728b)
Start importing Assets/Visuals/Tiles/Tiles Demo_66.asset using Guid(d211e2e84377f8a449089ff129e708af) Importer(815301076,1909f56bfc062723c751e8b465ee728b)  -> (artifact id: '0d3fc3f9b2286b82cb2a54acd98187fd') in 0.020651 seconds 
========================================================================
Received Import Request.
  Time since last request: 0.000877 seconds.
  path: Assets/Visuals/Tiles/Tiles Demo_30.asset
  artifactKey: Guid(e3705420efece23469afa55cda70ea93) Importer(815301076,1909f56bfc062723c751e8b465ee728b)
Start importing Assets/Visuals/Tiles/Tiles Demo_30.asset using Guid(e3705420efece23469afa55cda70ea93) Importer(815301076,1909f56bfc062723c751e8b465ee728b)  -> (artifact id: '6f36f82bc9fcac9e851169d44400733c') in 0.017055 seconds 
========================================================================
Received Import Request.
  Time since last request: 0.000027 seconds.
  path: Assets/Visuals/Tiles/Tiles Demo_24.asset
  artifactKey: Guid(6a6dd970e2a9a1b4da768111c46ce1aa) Importer(815301076,1909f56bfc062723c751e8b465ee728b)
Start importing Assets/Visuals/Tiles/Tiles Demo_24.asset using Guid(6a6dd970e2a9a1b4da768111c46ce1aa) Importer(815301076,1909f56bfc062723c751e8b465ee728b)  -> (artifact id: 'e473604852c65627a26f9856ae420702') in 0.021075 seconds 
========================================================================
Received Import Request.
  Time since last request: 0.000023 seconds.
  path: Assets/Visuals/Tiles/Tiles Demo_58.asset
  artifactKey: Guid(849bf8891c3ca5b44808f9d5623c3f3e) Importer(815301076,1909f56bfc062723c751e8b465ee728b)
Start importing Assets/Visuals/Tiles/Tiles Demo_58.asset using Guid(849bf8891c3ca5b44808f9d5623c3f3e) Importer(815301076,1909f56bfc062723c751e8b465ee728b)  -> (artifact id: '4a0b454d0b433cbe17a1327837cc88a9') in 0.017948 seconds 
========================================================================
Received Import Request.
  Time since last request: 0.000023 seconds.
  path: Assets/Visuals/Tiles/Tiles Demo_86.asset
  artifactKey: Guid(cc849907fdeb382478a694547c4ba630) Importer(815301076,1909f56bfc062723c751e8b465ee728b)
Start importing Assets/Visuals/Tiles/Tiles Demo_86.asset using Guid(cc849907fdeb382478a694547c4ba630) Importer(815301076,1909f56bfc062723c751e8b465ee728b)  -> (artifact id: '8d685271322620fd5ba2bc4610c7d3d5') in 0.017737 seconds 
========================================================================
Received Import Request.
  Time since last request: 0.000027 seconds.
  path: Assets/Visuals/Tiles/Tiles Demo_95.asset
  artifactKey: Guid(4a7bb3634921376439d9fae0576fcfef) Importer(815301076,1909f56bfc062723c751e8b465ee728b)
Start importing Assets/Visuals/Tiles/Tiles Demo_95.asset using Guid(4a7bb3634921376439d9fae0576fcfef) Importer(815301076,1909f56bfc062723c751e8b465ee728b)  -> (artifact id: 'e10dd08655c0955455c11fea74c92305') in 0.021072 seconds 
========================================================================
Received Import Request.
  Time since last request: 0.005110 seconds.
  path: Assets/Visuals/Tiles/Tiles Demo_65.asset
  artifactKey: Guid(d6269294b4d3326458028c1f611af358) Importer(815301076,1909f56bfc062723c751e8b465ee728b)
Start importing Assets/Visuals/Tiles/Tiles Demo_65.asset using Guid(d6269294b4d3326458028c1f611af358) Importer(815301076,1909f56bfc062723c751e8b465ee728b)  -> (artifact id: 'c33e651b02b301741e274eff50ef7b9e') in 0.019013 seconds 
========================================================================
Received Import Request.
  Time since last request: 0.000023 seconds.
  path: Assets/Visuals/Tiles/Tiles Demo_76.asset
  artifactKey: Guid(b65f26dedba55684084b926ecbafe07c) Importer(815301076,1909f56bfc062723c751e8b465ee728b)
Start importing Assets/Visuals/Tiles/Tiles Demo_76.asset using Guid(b65f26dedba55684084b926ecbafe07c) Importer(815301076,1909f56bfc062723c751e8b465ee728b)  -> (artifact id: '1c164831f64e22e09e04a8c1303169a7') in 0.020266 seconds 
========================================================================
Received Import Request.
  Time since last request: 0.000021 seconds.
  path: Assets/Visuals/Tiles/Tiles Demo_45.asset
  artifactKey: Guid(869e13d6765557747a0bdbc07a084fee) Importer(815301076,1909f56bfc062723c751e8b465ee728b)
Start importing Assets/Visuals/Tiles/Tiles Demo_45.asset using Guid(869e13d6765557747a0bdbc07a084fee) Importer(815301076,1909f56bfc062723c751e8b465ee728b)  -> (artifact id: '2d580d05e5d4202975edf3249c78cd1a') in 0.017836 seconds 
========================================================================
Received Import Request.
  Time since last request: 0.000019 seconds.
  path: Assets/Visuals/Tiles/Tiles Demo_26.asset
  artifactKey: Guid(1f23a06f9a8964b418b79720d5b78941) Importer(815301076,1909f56bfc062723c751e8b465ee728b)
Start importing Assets/Visuals/Tiles/Tiles Demo_26.asset using Guid(1f23a06f9a8964b418b79720d5b78941) Importer(815301076,1909f56bfc062723c751e8b465ee728b)  -> (artifact id: 'df9df9469d7a26b4af3aaf9c31df07c9') in 0.025227 seconds 
========================================================================
Received Import Request.
  Time since last request: 0.000022 seconds.
  path: Assets/Visuals/Tiles/Tiles Demo_61.asset
  artifactKey: Guid(5c64245352581d44e9c08d3373350609) Importer(815301076,1909f56bfc062723c751e8b465ee728b)
Start importing Assets/Visuals/Tiles/Tiles Demo_61.asset using Guid(5c64245352581d44e9c08d3373350609) Importer(815301076,1909f56bfc062723c751e8b465ee728b)  -> (artifact id: 'b69f942172c85ab69e666d091a2e2f19') in 0.021472 seconds 
========================================================================
Received Import Request.
  Time since last request: 0.000021 seconds.
  path: Assets/Visuals/Tiles/Tiles Demo_12.asset
  artifactKey: Guid(9d6a3f0a09f6e864090564fdcaa10079) Importer(815301076,1909f56bfc062723c751e8b465ee728b)
Start importing Assets/Visuals/Tiles/Tiles Demo_12.asset using Guid(9d6a3f0a09f6e864090564fdcaa10079) Importer(815301076,1909f56bfc062723c751e8b465ee728b)  -> (artifact id: '4e5d0273c879d05dea56bcecd2e2e95d') in 0.029218 seconds 
========================================================================
Received Import Request.
  Time since last request: 0.000660 seconds.
  path: Assets/Visuals/Tiles/Tiles Demo_49.asset
  artifactKey: Guid(15cd2e03068c2f64cb8d5e47f6717451) Importer(815301076,1909f56bfc062723c751e8b465ee728b)
Start importing Assets/Visuals/Tiles/Tiles Demo_49.asset using Guid(15cd2e03068c2f64cb8d5e47f6717451) Importer(815301076,1909f56bfc062723c751e8b465ee728b)  -> (artifact id: '925e6824f5736e54d319c2b2d901efcf') in 0.017961 seconds 
========================================================================
Received Import Request.
  Time since last request: 0.000025 seconds.
  path: Assets/Visuals/Tiles/Tiles Demo_82.asset
  artifactKey: Guid(0f6258e74d492194abcb3f8391149074) Importer(815301076,1909f56bfc062723c751e8b465ee728b)
Start importing Assets/Visuals/Tiles/Tiles Demo_82.asset using Guid(0f6258e74d492194abcb3f8391149074) Importer(815301076,1909f56bfc062723c751e8b465ee728b)  -> (artifact id: '2d8dfb2cc2c3e2f22bd23ce741e3395a') in 0.019723 seconds 
========================================================================
Received Import Request.
  Time since last request: 0.000036 seconds.
  path: Assets/Visuals/Tiles/Tiles Demo_15.asset
  artifactKey: Guid(c4724d94b9e02e944b9a9255ac609c69) Importer(815301076,1909f56bfc062723c751e8b465ee728b)
Start importing Assets/Visuals/Tiles/Tiles Demo_15.asset using Guid(c4724d94b9e02e944b9a9255ac609c69) Importer(815301076,1909f56bfc062723c751e8b465ee728b)  -> (artifact id: 'd6ab1dd8266762c000af36f651e1f63e') in 0.019499 seconds 
========================================================================
Received Import Request.
  Time since last request: 0.000018 seconds.
  path: Assets/Visuals/Tiles/Tiles Demo_91.asset
  artifactKey: Guid(13a5d4e406a73cc4cbf0963b8be643a3) Importer(815301076,1909f56bfc062723c751e8b465ee728b)
Start importing Assets/Visuals/Tiles/Tiles Demo_91.asset using Guid(13a5d4e406a73cc4cbf0963b8be643a3) Importer(815301076,1909f56bfc062723c751e8b465ee728b)  -> (artifact id: 'd39c9f7e3f54f3dd06dc74bf97fe9100') in 0.021488 seconds 
========================================================================
Received Import Request.
  Time since last request: 0.000023 seconds.
  path: Assets/Visuals/Tiles/Tiles Demo_3.asset
  artifactKey: Guid(0d7a7c314452c3c4f9f94b7f80c7cbe7) Importer(815301076,1909f56bfc062723c751e8b465ee728b)
Start importing Assets/Visuals/Tiles/Tiles Demo_3.asset using Guid(0d7a7c314452c3c4f9f94b7f80c7cbe7) Importer(815301076,1909f56bfc062723c751e8b465ee728b)  -> (artifact id: '8197ba5766af574676fb517c2a375897') in 0.025483 seconds 
========================================================================
Received Import Request.
  Time since last request: 0.000020 seconds.
  path: Assets/Visuals/Tiles/Tiles Demo_81.asset
  artifactKey: Guid(805a612d32024234d83fb9ec138cb077) Importer(815301076,1909f56bfc062723c751e8b465ee728b)
Start importing Assets/Visuals/Tiles/Tiles Demo_81.asset using Guid(805a612d32024234d83fb9ec138cb077) Importer(815301076,1909f56bfc062723c751e8b465ee728b)  -> (artifact id: '77cfccda244711d9666dd802aa1d393a') in 0.017886 seconds 
========================================================================
Received Import Request.
  Time since last request: 0.000020 seconds.
  path: Assets/Visuals/Tiles/Tiles Demo_16.asset
  artifactKey: Guid(73295f125a6a9d94e95012d5e27bf8ed) Importer(815301076,1909f56bfc062723c751e8b465ee728b)
Start importing Assets/Visuals/Tiles/Tiles Demo_16.asset using Guid(73295f125a6a9d94e95012d5e27bf8ed) Importer(815301076,1909f56bfc062723c751e8b465ee728b)  -> (artifact id: '3a45075f8b0c3f05aad8eb2a05aa8c14') in 0.034887 seconds 
========================================================================
Received Import Request.
  Time since last request: 0.000019 seconds.
  path: Assets/Visuals/Tiles/Tiles Demo_98.asset
  artifactKey: Guid(78ad7a599fab05942856cb902a0ae904) Importer(815301076,1909f56bfc062723c751e8b465ee728b)
Start importing Assets/Visuals/Tiles/Tiles Demo_98.asset using Guid(78ad7a599fab05942856cb902a0ae904) Importer(815301076,1909f56bfc062723c751e8b465ee728b)  -> (artifact id: '1271104cfbcd6b7788200f85cb493bf6') in 0.019538 seconds 
========================================================================
Received Import Request.
  Time since last request: 0.000020 seconds.
  path: Assets/Visuals/Tiles/Tiles Demo_28.asset
  artifactKey: Guid(b95ea46af77351741bf2850b04a80a80) Importer(815301076,1909f56bfc062723c751e8b465ee728b)
Start importing Assets/Visuals/Tiles/Tiles Demo_28.asset using Guid(b95ea46af77351741bf2850b04a80a80) Importer(815301076,1909f56bfc062723c751e8b465ee728b)  -> (artifact id: '992de9950c5ae7d06405d5277c53d846') in 0.023916 seconds 
========================================================================
Received Import Request.
  Time since last request: 0.000018 seconds.
  path: Assets/Visuals/Tiles/Tiles Demo_89.asset
  artifactKey: Guid(133e16ed7cb536c4780f7833c259dc27) Importer(815301076,1909f56bfc062723c751e8b465ee728b)
Start importing Assets/Visuals/Tiles/Tiles Demo_89.asset using Guid(133e16ed7cb536c4780f7833c259dc27) Importer(815301076,1909f56bfc062723c751e8b465ee728b)  -> (artifact id: '7f40f0c497a21bcf43b1f152072bfb29') in 0.017634 seconds 
========================================================================
Received Import Request.
  Time since last request: 0.000022 seconds.
  path: Assets/Visuals/Tiles/Tiles Demo_108.asset
  artifactKey: Guid(b2571274ee5553845b0ce2fa339d9c15) Importer(815301076,1909f56bfc062723c751e8b465ee728b)
Start importing Assets/Visuals/Tiles/Tiles Demo_108.asset using Guid(b2571274ee5553845b0ce2fa339d9c15) Importer(815301076,1909f56bfc062723c751e8b465ee728b)  -> (artifact id: '419661aea37cbd732ebb7a9804e46bd7') in 0.018668 seconds 
========================================================================
Received Import Request.
  Time since last request: 0.000030 seconds.
  path: Assets/Visuals/Tiles/Tiles Demo_120.asset
  artifactKey: Guid(c5bedd796bd834b418b287a9563685be) Importer(815301076,1909f56bfc062723c751e8b465ee728b)
Start importing Assets/Visuals/Tiles/Tiles Demo_120.asset using Guid(c5bedd796bd834b418b287a9563685be) Importer(815301076,1909f56bfc062723c751e8b465ee728b)  -> (artifact id: 'ad8aeed3af2fa53c26e07d5856ad2295') in 0.025671 seconds 
========================================================================
Received Import Request.
  Time since last request: 0.000019 seconds.
  path: Assets/Visuals/Tiles/Tiles Demo_115.asset
  artifactKey: Guid(531b4dc56f7ef1e45ad65b283fecc58a) Importer(815301076,1909f56bfc062723c751e8b465ee728b)
Start importing Assets/Visuals/Tiles/Tiles Demo_115.asset using Guid(531b4dc56f7ef1e45ad65b283fecc58a) Importer(815301076,1909f56bfc062723c751e8b465ee728b)  -> (artifact id: '58723d1dfa45caed531edbf4a9175862') in 0.030478 seconds 
========================================================================
Received Import Request.
  Time since last request: 0.000017 seconds.
  path: Assets/Visuals/Tiles/Tiles Demo_77.asset
  artifactKey: Guid(0caf2ab8f6298754ea59056690f7d0d3) Importer(815301076,1909f56bfc062723c751e8b465ee728b)
Start importing Assets/Visuals/Tiles/Tiles Demo_77.asset using Guid(0caf2ab8f6298754ea59056690f7d0d3) Importer(815301076,1909f56bfc062723c751e8b465ee728b)  -> (artifact id: 'ca8f3c37e7ae56c7448d26fdf67a2694') in 0.028913 seconds 
========================================================================
Received Import Request.
  Time since last request: 0.000021 seconds.
  path: Assets/Visuals/Tiles/Tiles Demo_60.asset
  artifactKey: Guid(06f57b76f7563654d86d652f57d8074c) Importer(815301076,1909f56bfc062723c751e8b465ee728b)
Start importing Assets/Visuals/Tiles/Tiles Demo_60.asset using Guid(06f57b76f7563654d86d652f57d8074c) Importer(815301076,1909f56bfc062723c751e8b465ee728b)  -> (artifact id: '686c7db1822c30994906d38dd981577d') in 0.024443 seconds 
========================================================================
Received Import Request.
  Time since last request: 0.000019 seconds.
  path: Assets/Visuals/Tiles/Tiles Demo_106.asset
  artifactKey: Guid(996f0ccf41328364e9ecf4b0c465668c) Importer(815301076,1909f56bfc062723c751e8b465ee728b)
Start importing Assets/Visuals/Tiles/Tiles Demo_106.asset using Guid(996f0ccf41328364e9ecf4b0c465668c) Importer(815301076,1909f56bfc062723c751e8b465ee728b)  -> (artifact id: 'ea667b1c7e5eb7008513d789b7864c09') in 0.025133 seconds 
========================================================================
Received Import Request.
  Time since last request: 0.000023 seconds.
  path: Assets/Visuals/Tiles/Tiles Demo_35.asset
  artifactKey: Guid(429d5369addb5fd468af4bcbdaf70658) Importer(815301076,1909f56bfc062723c751e8b465ee728b)
Start importing Assets/Visuals/Tiles/Tiles Demo_35.asset using Guid(429d5369addb5fd468af4bcbdaf70658) Importer(815301076,1909f56bfc062723c751e8b465ee728b)  -> (artifact id: 'd8e366ace844b33e342e846902f47091') in 0.026902 seconds 
========================================================================
Received Import Request.
  Time since last request: 0.000019 seconds.
  path: Assets/Visuals/Tiles/Tiles Demo_42.asset
  artifactKey: Guid(bc330b58f56c06943bfb0ad76c49df0e) Importer(815301076,1909f56bfc062723c751e8b465ee728b)
Start importing Assets/Visuals/Tiles/Tiles Demo_42.asset using Guid(bc330b58f56c06943bfb0ad76c49df0e) Importer(815301076,1909f56bfc062723c751e8b465ee728b)  -> (artifact id: '031fc339ffb0787e91c195cd6a9e746c') in 0.022252 seconds 
========================================================================
Received Import Request.
  Time since last request: 0.000026 seconds.
  path: Assets/Visuals/Tiles/Tiles Demo_36.asset
  artifactKey: Guid(003f34c1d2588254ebb7578907b763b9) Importer(815301076,1909f56bfc062723c751e8b465ee728b)
Start importing Assets/Visuals/Tiles/Tiles Demo_36.asset using Guid(003f34c1d2588254ebb7578907b763b9) Importer(815301076,1909f56bfc062723c751e8b465ee728b)  -> (artifact id: '41e0d1e80fed858a3c0f637e7d5ae69e') in 0.025246 seconds 
========================================================================
Received Import Request.
  Time since last request: 0.000028 seconds.
  path: Assets/Visuals/Tiles/Tiles Demo_96.asset
  artifactKey: Guid(3094398be46f5d54e83f4feb44e646ba) Importer(815301076,1909f56bfc062723c751e8b465ee728b)
Start importing Assets/Visuals/Tiles/Tiles Demo_96.asset using Guid(3094398be46f5d54e83f4feb44e646ba) Importer(815301076,1909f56bfc062723c751e8b465ee728b)  -> (artifact id: 'bc49a72fc6f9848c9a7ddf0ba6de1648') in 0.021090 seconds 
========================================================================
Received Import Request.
  Time since last request: 0.000020 seconds.
  path: Assets/Visuals/Tiles/Tiles Demo_10.asset
  artifactKey: Guid(0736a729afe08e1478b44fd80268f90c) Importer(815301076,1909f56bfc062723c751e8b465ee728b)
Start importing Assets/Visuals/Tiles/Tiles Demo_10.asset using Guid(0736a729afe08e1478b44fd80268f90c) Importer(815301076,1909f56bfc062723c751e8b465ee728b)  -> (artifact id: '7575570b94582993cb1e7470069b764d') in 0.020337 seconds 
========================================================================
Received Import Request.
  Time since last request: 0.000021 seconds.
  path: Assets/Visuals/Tiles/Tiles Demo_43.asset
  artifactKey: Guid(f2ba22deb33161545afca15044b235c9) Importer(815301076,1909f56bfc062723c751e8b465ee728b)
Start importing Assets/Visuals/Tiles/Tiles Demo_43.asset using Guid(f2ba22deb33161545afca15044b235c9) Importer(815301076,1909f56bfc062723c751e8b465ee728b)  -> (artifact id: 'b1456d1bed20944774aed4714b68a157') in 0.016744 seconds 
========================================================================
Received Import Request.
  Time since last request: 0.000302 seconds.
  path: Assets/Visuals/Tiles/Tiles Demo_51.asset
  artifactKey: Guid(ffe61ed796b4c7b4584a2027b25c4765) Importer(815301076,1909f56bfc062723c751e8b465ee728b)
Start importing Assets/Visuals/Tiles/Tiles Demo_51.asset using Guid(ffe61ed796b4c7b4584a2027b25c4765) Importer(815301076,1909f56bfc062723c751e8b465ee728b)  -> (artifact id: '9dee53d9fb63f1172fa82bb45a6dddff') in 0.018336 seconds 
========================================================================
Received Import Request.
  Time since last request: 0.000019 seconds.
  path: Assets/Visuals/Tiles/Tiles Demo_102.asset
  artifactKey: Guid(ee0038ff418019b4ebcfa2a7ca9cad8a) Importer(815301076,1909f56bfc062723c751e8b465ee728b)
Start importing Assets/Visuals/Tiles/Tiles Demo_102.asset using Guid(ee0038ff418019b4ebcfa2a7ca9cad8a) Importer(815301076,1909f56bfc062723c751e8b465ee728b)  -> (artifact id: '97f963fd7021ebaedf026c0c3f8baa54') in 0.022955 seconds 
========================================================================
Received Import Request.
  Time since last request: 0.000240 seconds.
  path: Assets/Visuals/Tiles/Tiles Demo_4.asset
  artifactKey: Guid(ab5120dafe08caf4f80e48a5cc55ba68) Importer(815301076,1909f56bfc062723c751e8b465ee728b)
Start importing Assets/Visuals/Tiles/Tiles Demo_4.asset using Guid(ab5120dafe08caf4f80e48a5cc55ba68) Importer(815301076,1909f56bfc062723c751e8b465ee728b)  -> (artifact id: 'c7136baec004936b143b243660c0ea5a') in 0.023837 seconds 
========================================================================
Received Import Request.
  Time since last request: 0.000019 seconds.
  path: Assets/Visuals/Tiles/Tiles Demo_123.asset
  artifactKey: Guid(92941ebc1f489ed48a51fcebe08c80fe) Importer(815301076,1909f56bfc062723c751e8b465ee728b)
Start importing Assets/Visuals/Tiles/Tiles Demo_123.asset using Guid(92941ebc1f489ed48a51fcebe08c80fe) Importer(815301076,1909f56bfc062723c751e8b465ee728b)  -> (artifact id: '2a904f998e294a827185cfc8f8890d7e') in 0.022539 seconds 
========================================================================
Received Import Request.
  Time since last request: 0.000020 seconds.
  path: Assets/Visuals/Tiles/Tiles Demo_27.asset
  artifactKey: Guid(5819e19fe2eaa5447b99cf6454f9ed92) Importer(815301076,1909f56bfc062723c751e8b465ee728b)
Start importing Assets/Visuals/Tiles/Tiles Demo_27.asset using Guid(5819e19fe2eaa5447b99cf6454f9ed92) Importer(815301076,1909f56bfc062723c751e8b465ee728b)  -> (artifact id: 'b7dff77dfde7357650359bbcb29746bd') in 0.018514 seconds 
========================================================================
Received Import Request.
  Time since last request: 0.000017 seconds.
  path: Assets/Visuals/Tiles/Tiles Demo_119.asset
  artifactKey: Guid(bdc25b8aa1147e2439d2ffb8b266bb03) Importer(815301076,1909f56bfc062723c751e8b465ee728b)
Start importing Assets/Visuals/Tiles/Tiles Demo_119.asset using Guid(bdc25b8aa1147e2439d2ffb8b266bb03) Importer(815301076,1909f56bfc062723c751e8b465ee728b)  -> (artifact id: 'ba8a6c10f96dd4286403492c025f2ad0') in 0.018190 seconds 
========================================================================
Received Import Request.
  Time since last request: 0.000023 seconds.
  path: Assets/Visuals/Tiles/Tiles Demo_113.asset
  artifactKey: Guid(af7bb2537d6be734e81f74da349d6d96) Importer(815301076,1909f56bfc062723c751e8b465ee728b)
Start importing Assets/Visuals/Tiles/Tiles Demo_113.asset using Guid(af7bb2537d6be734e81f74da349d6d96) Importer(815301076,1909f56bfc062723c751e8b465ee728b)  -> (artifact id: 'b255b35853c21f7faddb051701c5710d') in 0.017451 seconds 
========================================================================
Received Import Request.
  Time since last request: 0.000032 seconds.
  path: Assets/Visuals/Tiles/Tiles Demo_14.asset
  artifactKey: Guid(5d09f0167ddcfbf498bfa008f58e80f2) Importer(815301076,1909f56bfc062723c751e8b465ee728b)
Start importing Assets/Visuals/Tiles/Tiles Demo_14.asset using Guid(5d09f0167ddcfbf498bfa008f58e80f2) Importer(815301076,1909f56bfc062723c751e8b465ee728b)  -> (artifact id: '34ee54e994fa2cdece21d634f1752ee2') in 0.017103 seconds 
========================================================================
Received Import Request.
  Time since last request: 0.000019 seconds.
  path: Assets/Visuals/Tiles/Tiles Demo_78.asset
  artifactKey: Guid(9aa1c83550ce9324eb86b9e8b7965649) Importer(815301076,1909f56bfc062723c751e8b465ee728b)
Start importing Assets/Visuals/Tiles/Tiles Demo_78.asset using Guid(9aa1c83550ce9324eb86b9e8b7965649) Importer(815301076,1909f56bfc062723c751e8b465ee728b)  -> (artifact id: '12e8b2af6651c2e2c0910e26494eb700') in 0.023167 seconds 
========================================================================
Received Import Request.
  Time since last request: 0.000021 seconds.
  path: Assets/Visuals/Tiles/Tiles Demo_90.asset
  artifactKey: Guid(81e85fbf2def00445858ffad5c1e751b) Importer(815301076,1909f56bfc062723c751e8b465ee728b)
Start importing Assets/Visuals/Tiles/Tiles Demo_90.asset using Guid(81e85fbf2def00445858ffad5c1e751b) Importer(815301076,1909f56bfc062723c751e8b465ee728b)  -> (artifact id: 'f8f7b541cb598f573e681803b4fd3844') in 0.020211 seconds 
========================================================================
Received Import Request.
  Time since last request: 0.000019 seconds.
  path: Assets/Visuals/Tiles/Tiles Demo_8.asset
  artifactKey: Guid(bad393d033405544386ae04559803e00) Importer(815301076,1909f56bfc062723c751e8b465ee728b)
Start importing Assets/Visuals/Tiles/Tiles Demo_8.asset using Guid(bad393d033405544386ae04559803e00) Importer(815301076,1909f56bfc062723c751e8b465ee728b)  -> (artifact id: '09809742a498f4aedd2a5dd7f95f149e') in 0.021768 seconds 
========================================================================
Received Import Request.
  Time since last request: 0.004499 seconds.
  path: Assets/Visuals/Tiles/Tiles Demo_87.asset
  artifactKey: Guid(9041c832cddd9f549ab99f13c19675ea) Importer(815301076,1909f56bfc062723c751e8b465ee728b)
Start importing Assets/Visuals/Tiles/Tiles Demo_87.asset using Guid(9041c832cddd9f549ab99f13c19675ea) Importer(815301076,1909f56bfc062723c751e8b465ee728b)  -> (artifact id: 'd52d5dc1d79734694bcb536fa2930a2a') in 0.021488 seconds 
========================================================================
Received Import Request.
  Time since last request: 0.000053 seconds.
  path: Assets/Visuals/Tiles/Tiles Demo_67.asset
  artifactKey: Guid(efe421cfbee6028409ff785a02d244c3) Importer(815301076,1909f56bfc062723c751e8b465ee728b)
Start importing Assets/Visuals/Tiles/Tiles Demo_67.asset using Guid(efe421cfbee6028409ff785a02d244c3) Importer(815301076,1909f56bfc062723c751e8b465ee728b)  -> (artifact id: 'e128ad9de6fe6dab93f07a74456c081d') in 0.021036 seconds 
========================================================================
Received Import Request.
  Time since last request: 0.251150 seconds.
  path: Assets/Visuals/Sprites
  artifactKey: Guid(7cd61ca5fb223524e96b4db674f25024) Importer(815301076,1909f56bfc062723c751e8b465ee728b)
Start importing Assets/Visuals/Sprites using Guid(7cd61ca5fb223524e96b4db674f25024) Importer(815301076,1909f56bfc062723c751e8b465ee728b)  -> (artifact id: '7793b767941767c4508335034c1e4421') in 0.009453 seconds 
Editor requested this worker to shutdown with reason: Scaling down because of idle timeout
AssetImportWorker is now disconnected from the server
Process exiting
Exiting without the bug reporter. Application will terminate with return code 0